

Processing CaptainController#index (for 127.0.0.1 at 2008-11-20 03:35:47) [POST]
  Session ID: 8f43bf8e2ec84f49b3cda54c92880f46
  Parameters: {"xn_sig_expires"=>"0", "xn_sig_req_src"=>"63e2caf1", "xn_sig_session_key"=>"vTbn4pOVTQpHvVe2rJ5B9jfqjGe4CZwghW/IjN7aDAVoq6fwqrZ3HBGV/XljiQHO-242977226", "xn_sig_user"=>"242977226", "xn_sig_method"=>"get", "xn_sig_time"=>"1227123347984", "action"=>"index", "controller"=>"captain", "xn_sig_api_key"=>"8528a4a80ceb4febb3df66cb4d8f1f14", "xn_sig_in_iframe"=>"0", "xn_sig_app_id"=>"16966", "xn_sig_added"=>"1"}
  [4;36;1mSQL (0.000000)[0m   [0;1mSET SQL_AUTO_IS_NULL=0[0m
  [4;35;1mUser Load (0.000000)[0m   [0mSELECT * FROM `users` WHERE ( xid = '242977226') [0m
  [4;36;1mUser Columns (0.016000)[0m   [0;1mSHOW FIELDS FROM `users`[0m
  [4;35;1mSQL (0.000000)[0m   [0mBEGIN[0m
  [4;36;1mUser Update (0.000000)[0m   [0;1mUPDATE `users` SET `invite` = 0, `friend_ids` = '--- !seq:Xiaonei::Parse::MyListener::UidArray \n- \"98921852\"\n- \"223098475\"\n- \"229615263\"\n- \"230034168\"\n', `updated_at` = '2008-11-19 19:35:48' WHERE `id` = 61[0m
  [4;35;1mSQL (0.016000)[0m   [0mCOMMIT[0m
  [4;36;1mUser Load (0.000000)[0m   [0;1mSELECT * FROM `users` WHERE ( captain_master = '242977226' ) [0m
  [4;35;1mNotice Load (0.000000)[0m   [0mSELECT * FROM `notices` WHERE (( to_xid = '242977226' or from_xid = '242977226' ) and (ltype =14 or ltype =13)) ORDER BY updated_at desc LIMIT 10[0m
Rendering template within layouts/application
Rendering captain/index
Rendered captain/_attribute (0.00000)
  [4;36;1mUsership Load (0.000000)[0m   [0;1mSELECT * FROM `userships` WHERE ( id = 64) [0m
  [4;35;1mCACHE (0.000000)[0m   [0mSELECT * FROM `userships` WHERE ( id = 64) [0m
  [4;36;1mUsership Columns (0.000000)[0m   [0;1mSHOW FIELDS FROM `userships`[0m
  [4;35;1mCACHE (0.000000)[0m   [0mSELECT * FROM `userships` WHERE ( id = 64) [0m
  [4;36;1mCACHE (0.000000)[0m   [0;1mSELECT * FROM `userships` WHERE ( id = 64) [0m
  [4;35;1mCACHE (0.000000)[0m   [0mSELECT * FROM `userships` WHERE ( id = 64) [0m
  [4;36;1mShip Load (0.000000)[0m   [0;1mSELECT * FROM `ships` WHERE ( id = 1 ) [0m
  [4;35;1mShip Columns (0.000000)[0m   [0mSHOW FIELDS FROM `ships`[0m
  [4;36;1mUsership Load (0.000000)[0m   [0;1mSELECT * FROM `userships` WHERE (`userships`.user_id = 61) ORDER BY updated_at desc [0m
  [4;35;1mCACHE (0.000000)[0m   [0mSELECT * FROM `ships` WHERE ( id = 1 ) [0m
  [4;36;1mUser Load (0.000000)[0m   [0;1mSELECT * FROM `users` WHERE ( captain_usership_id = 64) [0m
  [4;35;1mUser Load (0.000000)[0m   [0mSELECT * FROM `users` WHERE ( xid = '230034168' ) [0m
  [4;36;1mCACHE (0.000000)[0m   [0;1mSELECT * FROM `ships` WHERE ( id = 1 ) [0m
  [4;35;1mUser Load (0.000000)[0m   [0mSELECT * FROM `users` WHERE ( captain_usership_id = 522) [0m
  [4;36;1mCACHE (0.000000)[0m   [0;1mSELECT * FROM `users` WHERE ( xid = '230034168' ) [0m
  [4;35;1mCACHE (0.000000)[0m   [0mSELECT * FROM `ships` WHERE ( id = 1 ) [0m
  [4;36;1mUser Load (0.000000)[0m   [0;1mSELECT * FROM `users` WHERE ( captain_usership_id = 995) [0m
  [4;35;1mCACHE (0.000000)[0m   [0mSELECT * FROM `ships` WHERE ( id = 1 ) [0m
  [4;36;1mUser Load (0.000000)[0m   [0;1mSELECT * FROM `users` WHERE ( captain_usership_id = 994) [0m
  [4;35;1mCACHE (0.000000)[0m   [0mSELECT * FROM `ships` WHERE ( id = 1 ) [0m
  [4;36;1mUser Load (0.016000)[0m   [0;1mSELECT * FROM `users` WHERE ( captain_usership_id = 993) [0m
  [4;35;1mCACHE (0.000000)[0m   [0mSELECT * FROM `ships` WHERE ( id = 1 ) [0m
  [4;36;1mUser Load (0.000000)[0m   [0;1mSELECT * FROM `users` WHERE ( captain_usership_id = 626) [0m
Rendered captain/_home_usership (0.03100)
Rendered captain/_attribute_master (0.01600)
  [4;35;1mNotice Columns (0.000000)[0m   [0mSHOW FIELDS FROM `notices`[0m
Completed in 0.79600 (1 reqs/sec) | Rendering: 0.21800 (27%) | DB: 0.04800 (6%) | 200 OK [http://61.172.255.117/captain]


Processing CaptainController#add_attack (for 127.0.0.1 at 2008-11-20 03:36:03) [POST]
  Session ID: 5ff2cecaa1c626ce9ee8b422ec50677e
  Parameters: {"xn_sig_expires"=>"0", "xn_sig_req_src"=>"63e2caf1", "xn_sig_session_key"=>"vTbn4pOVTQpHvVe2rJ5B9jfqjGe4CZwghW/IjN7aDAVoq6fwqrZ3HBGV/XljiQHO-242977226", "xn_sig_user"=>"242977226", "xn_sig_method"=>"get", "xn_sig_time"=>"1227123363863", "action"=>"add_attack", "id"=>"242977226", "controller"=>"captain", "xn_sig_api_key"=>"8528a4a80ceb4febb3df66cb4d8f1f14", "xn_sig_in_iframe"=>"0", "xn_sig_app_id"=>"16966", "xn_sig_added"=>"1"}
  [4;36;1mUser Load (0.000000)[0m   [0;1mSELECT * FROM `users` WHERE ( xid = '242977226') [0m
  [4;35;1mUser Columns (0.015000)[0m   [0mSHOW FIELDS FROM `users`[0m
  [4;36;1mSQL (0.000000)[0m   [0;1mBEGIN[0m
  [4;35;1mUser Update (0.000000)[0m   [0mUPDATE `users` SET `invite` = 0, `friend_ids` = '--- !seq:Xiaonei::Parse::MyListener::UidArray \n- \"98921852\"\n- \"223098475\"\n- \"229615263\"\n- \"230034168\"\n', `updated_at` = '2008-11-19 19:36:03' WHERE `id` = 61[0m
  [4;36;1mSQL (0.031000)[0m   [0;1mCOMMIT[0m
  [4;35;1mUser Load (0.000000)[0m   [0mSELECT * FROM `users` WHERE ( xid = '242977226') [0m
  [4;36;1mUsership Columns (0.015000)[0m   [0;1mSHOW FIELDS FROM `userships`[0m
  [4;35;1mUsership Load (0.000000)[0m   [0mSELECT * FROM `userships` WHERE (`userships`.`id` = 64) [0m
  [4;36;1mSQL (0.000000)[0m   [0;1mBEGIN[0m
  [4;35;1mUsership Update (0.000000)[0m   [0mUPDATE `userships` SET `robspeed` = 20, `updated_at` = '2008-11-19 19:36:03' WHERE `id` = 64[0m
  [4;36;1mSQL (0.031000)[0m   [0;1mCOMMIT[0m
  [4;35;1mSQL (0.000000)[0m   [0mBEGIN[0m
  [4;36;1mUser Update (0.000000)[0m   [0;1mUPDATE `users` SET `captain_attack` = 1, `invite` = 0, `friend_ids` = '--- !seq:Xiaonei::Parse::MyListener::UidArray \n- \"98921852\"\n- \"223098475\"\n- \"229615263\"\n- \"230034168\"\n', `updated_at` = '2008-11-19 19:36:03', `captain_lattribute` = 8 WHERE `id` = 61[0m
  [4;35;1mSQL (0.032000)[0m   [0mCOMMIT[0m
  [4;36;1mUsership Load (0.000000)[0m   [0;1mSELECT * FROM `userships` WHERE (`userships`.`id` = 64) [0m
  [4;35;1mSQL (0.000000)[0m   [0mBEGIN[0m
  [4;36;1mUsership Update (0.000000)[0m   [0;1mUPDATE `userships` SET `attack` = 12, `robspeed` = 70, `updated_at` = '2008-11-19 19:36:03' WHERE `id` = 64[0m
  [4;35;1mSQL (0.016000)[0m   [0mCOMMIT[0m
  [4;36;1mUsership Load (0.000000)[0m   [0;1mSELECT * FROM `userships` WHERE (`userships`.user_id = 61) ORDER BY updated_at desc [0m
  [4;35;1mFight Load (0.000000)[0m   [0mSELECT * FROM `fights` WHERE (`fights`.user_id = 61) LIMIT 1[0m
  [4;36;1mFight Columns (0.000000)[0m   [0;1mSHOW FIELDS FROM `fights`[0m
  [4;35;1mSQL (0.000000)[0m   [0mBEGIN[0m
  [4;36;1mFight Update (0.000000)[0m   [0;1mUPDATE `fights` SET `last_add_thew` = '2008-11-19 19:36:04', `ship_ids` = '64,522,995,994,993,626', `attack` = 62, `updated_at` = '2008-11-19 19:36:04' WHERE `id` = 1[0m
  [4;35;1mSQL (0.032000)[0m   [0mCOMMIT[0m
Completed in 0.45300 (2 reqs/sec) | Rendering: 0.01500 (3%) | DB: 0.17200 (37%) | 200 OK [http://61.172.255.117/captain/add_attack/242977226]


Processing CaptainController#index (for 127.0.0.1 at 2008-11-20 03:36:04) [POST]
  Session ID: 5978228fa1bb4195e319850609cde9e5
  Parameters: {"xn_sig_expires"=>"0", "xn_sig_req_src"=>"63e2caf1", "xn_sig_session_key"=>"vTbn4pOVTQpHvVe2rJ5B9jfqjGe4CZwghW/IjN7aDAVoq6fwqrZ3HBGV/XljiQHO-242977226", "xn_sig_user"=>"242977226", "xn_sig_method"=>"get", "notice"=>"成功分配了一点属性到“攻击”上", "xn_sig_time"=>"1227123364818", "action"=>"index", "id"=>"242977226", "controller"=>"captain", "xn_sig_api_key"=>"8528a4a80ceb4febb3df66cb4d8f1f14", "xn_sig_in_iframe"=>"0", "xn_sig_app_id"=>"16966", "xn_sig_added"=>"1"}
  [4;36;1mUser Load (0.000000)[0m   [0;1mSELECT * FROM `users` WHERE ( xid = '242977226') [0m
  [4;35;1mUser Columns (0.000000)[0m   [0mSHOW FIELDS FROM `users`[0m
  [4;36;1mSQL (0.000000)[0m   [0;1mBEGIN[0m
  [4;35;1mUser Update (0.000000)[0m   [0mUPDATE `users` SET `invite` = 0, `friend_ids` = '--- !seq:Xiaonei::Parse::MyListener::UidArray \n- \"98921852\"\n- \"223098475\"\n- \"229615263\"\n- \"230034168\"\n', `updated_at` = '2008-11-19 19:36:04' WHERE `id` = 61[0m
  [4;36;1mSQL (0.063000)[0m   [0;1mCOMMIT[0m
  [4;35;1mUser Load (0.000000)[0m   [0mSELECT * FROM `users` WHERE ( captain_master = '242977226' ) [0m
  [4;36;1mUser Load (0.000000)[0m   [0;1mSELECT * FROM `users` WHERE ( xid = '242977226') [0m
  [4;35;1mNotice Load (0.000000)[0m   [0mSELECT * FROM `notices` WHERE (( to_xid = '242977226' or from_xid = '242977226' ) and (ltype =14 or ltype =13)) ORDER BY updated_at desc LIMIT 10[0m
Rendering template within layouts/application
Rendering captain/index
Rendered captain/_attribute (0.00000)
  [4;36;1mUsership Load (0.000000)[0m   [0;1mSELECT * FROM `userships` WHERE ( id = 64) [0m
  [4;35;1mCACHE (0.000000)[0m   [0mSELECT * FROM `userships` WHERE ( id = 64) [0m
  [4;36;1mUsership Columns (0.016000)[0m   [0;1mSHOW FIELDS FROM `userships`[0m
  [4;35;1mCACHE (0.000000)[0m   [0mSELECT * FROM `userships` WHERE ( id = 64) [0m
  [4;36;1mCACHE (0.000000)[0m   [0;1mSELECT * FROM `userships` WHERE ( id = 64) [0m
  [4;35;1mCACHE (0.000000)[0m   [0mSELECT * FROM `userships` WHERE ( id = 64) [0m
  [4;36;1mShip Load (0.000000)[0m   [0;1mSELECT * FROM `ships` WHERE ( id = 1 ) [0m
  [4;35;1mShip Columns (0.000000)[0m   [0mSHOW FIELDS FROM `ships`[0m
  [4;36;1mUsership Load (0.015000)[0m   [0;1mSELECT * FROM `userships` WHERE (`userships`.user_id = 61) ORDER BY updated_at desc [0m
  [4;35;1mCACHE (0.000000)[0m   [0mSELECT * FROM `ships` WHERE ( id = 1 ) [0m
  [4;36;1mUser Load (0.000000)[0m   [0;1mSELECT * FROM `users` WHERE ( captain_usership_id = 64) [0m
  [4;35;1mUser Load (0.000000)[0m   [0mSELECT * FROM `users` WHERE ( xid = '230034168' ) [0m
  [4;36;1mCACHE (0.000000)[0m   [0;1mSELECT * FROM `ships` WHERE ( id = 1 ) [0m
  [4;35;1mUser Load (0.000000)[0m   [0mSELECT * FROM `users` WHERE ( captain_usership_id = 522) [0m
  [4;36;1mCACHE (0.000000)[0m   [0;1mSELECT * FROM `users` WHERE ( xid = '230034168' ) [0m
  [4;35;1mCACHE (0.000000)[0m   [0mSELECT * FROM `ships` WHERE ( id = 1 ) [0m
  [4;36;1mUser Load (0.016000)[0m   [0;1mSELECT * FROM `users` WHERE ( captain_usership_id = 995) [0m
  [4;35;1mCACHE (0.000000)[0m   [0mSELECT * FROM `ships` WHERE ( id = 1 ) [0m
  [4;36;1mUser Load (0.000000)[0m   [0;1mSELECT * FROM `users` WHERE ( captain_usership_id = 994) [0m
  [4;35;1mCACHE (0.000000)[0m   [0mSELECT * FROM `ships` WHERE ( id = 1 ) [0m
  [4;36;1mUser Load (0.000000)[0m   [0;1mSELECT * FROM `users` WHERE ( captain_usership_id = 993) [0m
  [4;35;1mCACHE (0.000000)[0m   [0mSELECT * FROM `ships` WHERE ( id = 1 ) [0m
  [4;36;1mUser Load (0.000000)[0m   [0;1mSELECT * FROM `users` WHERE ( captain_usership_id = 626) [0m
Rendered captain/_home_usership (0.03100)
Rendered captain/_attribute_master (0.01500)
  [4;35;1mNotice Columns (0.000000)[0m   [0mSHOW FIELDS FROM `notices`[0m
Completed in 0.26600 (3 reqs/sec) | Rendering: 0.07800 (29%) | DB: 0.11000 (41%) | 200 OK [http://61.172.255.117/captain/index/242977226]


Processing CaptainController#add_attack (for 127.0.0.1 at 2008-11-20 03:36:11) [POST]
  Session ID: 5d65d864d6979fd42c32bb962b894770
  Parameters: {"xn_sig_expires"=>"0", "xn_sig_req_src"=>"63e2caf1", "xn_sig_session_key"=>"vTbn4pOVTQpHvVe2rJ5B9jfqjGe4CZwghW/IjN7aDAVoq6fwqrZ3HBGV/XljiQHO-242977226", "xn_sig_user"=>"242977226", "xn_sig_method"=>"get", "xn_sig_time"=>"1227123371721", "action"=>"add_attack", "id"=>"242977226", "controller"=>"captain", "xn_sig_api_key"=>"8528a4a80ceb4febb3df66cb4d8f1f14", "xn_sig_in_iframe"=>"0", "xn_sig_app_id"=>"16966", "xn_sig_added"=>"1"}
  [4;36;1mUser Load (0.000000)[0m   [0;1mSELECT * FROM `users` WHERE ( xid = '242977226') [0m
  [4;35;1mUser Columns (0.015000)[0m   [0mSHOW FIELDS FROM `users`[0m
  [4;36;1mSQL (0.000000)[0m   [0;1mBEGIN[0m
  [4;35;1mUser Update (0.000000)[0m   [0mUPDATE `users` SET `invite` = 0, `friend_ids` = '--- !seq:Xiaonei::Parse::MyListener::UidArray \n- \"98921852\"\n- \"223098475\"\n- \"229615263\"\n- \"230034168\"\n', `updated_at` = '2008-11-19 19:36:11' WHERE `id` = 61[0m
  [4;36;1mSQL (0.031000)[0m   [0;1mCOMMIT[0m
  [4;35;1mUser Load (0.016000)[0m   [0mSELECT * FROM `users` WHERE ( xid = '242977226') [0m
  [4;36;1mUsership Columns (0.000000)[0m   [0;1mSHOW FIELDS FROM `userships`[0m
  [4;35;1mUsership Load (0.016000)[0m   [0mSELECT * FROM `userships` WHERE (`userships`.`id` = 64) [0m
  [4;36;1mSQL (0.000000)[0m   [0;1mBEGIN[0m
  [4;35;1mUsership Update (0.000000)[0m   [0mUPDATE `userships` SET `attack` = 10, `robspeed` = 20, `updated_at` = '2008-11-19 19:36:11' WHERE `id` = 64[0m
  [4;36;1mSQL (0.047000)[0m   [0;1mCOMMIT[0m
  [4;35;1mSQL (0.000000)[0m   [0mBEGIN[0m
  [4;36;1mUser Update (0.000000)[0m   [0;1mUPDATE `users` SET `captain_attack` = 2, `invite` = 0, `friend_ids` = '--- !seq:Xiaonei::Parse::MyListener::UidArray \n- \"98921852\"\n- \"223098475\"\n- \"229615263\"\n- \"230034168\"\n', `updated_at` = '2008-11-19 19:36:11', `captain_lattribute` = 7 WHERE `id` = 61[0m
  [4;35;1mSQL (0.016000)[0m   [0mCOMMIT[0m
  [4;36;1mUsership Load (0.000000)[0m   [0;1mSELECT * FROM `userships` WHERE (`userships`.`id` = 64) [0m
  [4;35;1mSQL (0.000000)[0m   [0mBEGIN[0m
  [4;36;1mUsership Update (0.000000)[0m   [0;1mUPDATE `userships` SET `attack` = 14, `robspeed` = 70, `updated_at` = '2008-11-19 19:36:11' WHERE `id` = 64[0m
  [4;35;1mSQL (0.031000)[0m   [0mCOMMIT[0m
  [4;36;1mUsership Load (0.000000)[0m   [0;1mSELECT * FROM `userships` WHERE (`userships`.user_id = 61) ORDER BY updated_at desc [0m
  [4;35;1mFight Load (0.000000)[0m   [0mSELECT * FROM `fights` WHERE (`fights`.user_id = 61) LIMIT 1[0m
  [4;36;1mFight Columns (0.000000)[0m   [0;1mSHOW FIELDS FROM `fights`[0m
  [4;35;1mSQL (0.000000)[0m   [0mBEGIN[0m
  [4;36;1mFight Update (0.000000)[0m   [0;1mUPDATE `fights` SET `last_add_thew` = '2008-11-19 19:36:11', `attack` = 64, `updated_at` = '2008-11-19 19:36:11' WHERE `id` = 1[0m
  [4;35;1mSQL (0.031000)[0m   [0mCOMMIT[0m
Completed in 0.48400 (2 reqs/sec) | Rendering: 0.00000 (0%) | DB: 0.20300 (41%) | 200 OK [http://61.172.255.117/captain/add_attack/242977226]


Processing CaptainController#index (for 127.0.0.1 at 2008-11-20 03:36:12) [POST]
  Session ID: adc683b510febc584d4b0518f8f04b3a
  Parameters: {"xn_sig_expires"=>"0", "xn_sig_req_src"=>"63e2caf1", "xn_sig_session_key"=>"vTbn4pOVTQpHvVe2rJ5B9jfqjGe4CZwghW/IjN7aDAVoq6fwqrZ3HBGV/XljiQHO-242977226", "xn_sig_user"=>"242977226", "xn_sig_method"=>"get", "notice"=>"成功分配了一点属性到“攻击”上", "xn_sig_time"=>"1227123372565", "action"=>"index", "id"=>"242977226", "controller"=>"captain", "xn_sig_api_key"=>"8528a4a80ceb4febb3df66cb4d8f1f14", "xn_sig_in_iframe"=>"0", "xn_sig_app_id"=>"16966", "xn_sig_added"=>"1"}
  [4;36;1mUser Load (0.000000)[0m   [0;1mSELECT * FROM `users` WHERE ( xid = '242977226') [0m
  [4;35;1mUser Columns (0.000000)[0m   [0mSHOW FIELDS FROM `users`[0m
  [4;36;1mSQL (0.000000)[0m   [0;1mBEGIN[0m
  [4;35;1mUser Update (0.015000)[0m   [0mUPDATE `users` SET `invite` = 0, `friend_ids` = '--- !seq:Xiaonei::Parse::MyListener::UidArray \n- \"98921852\"\n- \"223098475\"\n- \"229615263\"\n- \"230034168\"\n', `updated_at` = '2008-11-19 19:36:12' WHERE `id` = 61[0m
  [4;36;1mSQL (0.016000)[0m   [0;1mCOMMIT[0m
  [4;35;1mUser Load (0.000000)[0m   [0mSELECT * FROM `users` WHERE ( captain_master = '242977226' ) [0m
  [4;36;1mUser Load (0.000000)[0m   [0;1mSELECT * FROM `users` WHERE ( xid = '242977226') [0m
  [4;35;1mNotice Load (0.000000)[0m   [0mSELECT * FROM `notices` WHERE (( to_xid = '242977226' or from_xid = '242977226' ) and (ltype =14 or ltype =13)) ORDER BY updated_at desc LIMIT 10[0m
Rendering template within layouts/application
Rendering captain/index
Rendered captain/_attribute (0.00000)
  [4;36;1mUsership Load (0.000000)[0m   [0;1mSELECT * FROM `userships` WHERE ( id = 64) [0m
  [4;35;1mCACHE (0.000000)[0m   [0mSELECT * FROM `userships` WHERE ( id = 64) [0m
  [4;36;1mUsership Columns (0.000000)[0m   [0;1mSHOW FIELDS FROM `userships`[0m
  [4;35;1mCACHE (0.000000)[0m   [0mSELECT * FROM `userships` WHERE ( id = 64) [0m
  [4;36;1mCACHE (0.000000)[0m   [0;1mSELECT * FROM `userships` WHERE ( id = 64) [0m
  [4;35;1mCACHE (0.000000)[0m   [0mSELECT * FROM `userships` WHERE ( id = 64) [0m
  [4;36;1mShip Load (0.000000)[0m   [0;1mSELECT * FROM `ships` WHERE ( id = 1 ) [0m
  [4;35;1mShip Columns (0.000000)[0m   [0mSHOW FIELDS FROM `ships`[0m
  [4;36;1mUsership Load (0.000000)[0m   [0;1mSELECT * FROM `userships` WHERE (`userships`.user_id = 61) ORDER BY updated_at desc [0m
  [4;35;1mCACHE (0.000000)[0m   [0mSELECT * FROM `ships` WHERE ( id = 1 ) [0m
  [4;36;1mUser Load (0.000000)[0m   [0;1mSELECT * FROM `users` WHERE ( captain_usership_id = 64) [0m
  [4;35;1mUser Load (0.000000)[0m   [0mSELECT * FROM `users` WHERE ( xid = '230034168' ) [0m
  [4;36;1mCACHE (0.000000)[0m   [0;1mSELECT * FROM `ships` WHERE ( id = 1 ) [0m
  [4;35;1mUser Load (0.000000)[0m   [0mSELECT * FROM `users` WHERE ( captain_usership_id = 522) [0m
  [4;36;1mCACHE (0.000000)[0m   [0;1mSELECT * FROM `users` WHERE ( xid = '230034168' ) [0m
  [4;35;1mCACHE (0.000000)[0m   [0mSELECT * FROM `ships` WHERE ( id = 1 ) [0m
  [4;36;1mUser Load (0.000000)[0m   [0;1mSELECT * FROM `users` WHERE ( captain_usership_id = 995) [0m
  [4;35;1mCACHE (0.000000)[0m   [0mSELECT * FROM `ships` WHERE ( id = 1 ) [0m
  [4;36;1mUser Load (0.000000)[0m   [0;1mSELECT * FROM `users` WHERE ( captain_usership_id = 994) [0m
  [4;35;1mCACHE (0.000000)[0m   [0mSELECT * FROM `ships` WHERE ( id = 1 ) [0m
  [4;36;1mUser Load (0.000000)[0m   [0;1mSELECT * FROM `users` WHERE ( captain_usership_id = 993) [0m
  [4;35;1mCACHE (0.000000)[0m   [0mSELECT * FROM `ships` WHERE ( id = 1 ) [0m
  [4;36;1mUser Load (0.000000)[0m   [0;1mSELECT * FROM `users` WHERE ( captain_usership_id = 626) [0m
Rendered captain/_home_usership (0.03200)
Rendered captain/_attribute_master (0.00000)
  [4;35;1mNotice Columns (0.015000)[0m   [0mSHOW FIELDS FROM `notices`[0m
Completed in 0.23500 (4 reqs/sec) | Rendering: 0.12600 (53%) | DB: 0.04600 (19%) | 200 OK [http://61.172.255.117/captain/index/242977226]


Processing ShopController#index (for 127.0.0.1 at 2008-11-20 03:36:39) [POST]
  Session ID: 8339dd80bb9815579072b995d6e22d1e
  Parameters: {"xn_sig_expires"=>"0", "xn_sig_req_src"=>"63e2caf1", "xn_sig_session_key"=>"vTbn4pOVTQpHvVe2rJ5B9jfqjGe4CZwghW/IjN7aDAVoq6fwqrZ3HBGV/XljiQHO-242977226", "xn_sig_user"=>"242977226", "xn_sig_method"=>"get", "xn_sig_time"=>"1227123399470", "action"=>"index", "controller"=>"shop", "xn_sig_api_key"=>"8528a4a80ceb4febb3df66cb4d8f1f14", "xn_sig_in_iframe"=>"0", "xn_sig_app_id"=>"16966", "xn_sig_added"=>"1"}
  [4;36;1mUser Load (0.000000)[0m   [0;1mSELECT * FROM `users` WHERE ( xid = '242977226') [0m
  [4;35;1mUser Columns (0.000000)[0m   [0mSHOW FIELDS FROM `users`[0m
  [4;36;1mSQL (0.000000)[0m   [0;1mBEGIN[0m
  [4;35;1mUser Update (0.000000)[0m   [0mUPDATE `users` SET `invite` = 0, `friend_ids` = '--- !seq:Xiaonei::Parse::MyListener::UidArray \n- \"98921852\"\n- \"223098475\"\n- \"229615263\"\n- \"230034168\"\n', `updated_at` = '2008-11-19 19:36:39' WHERE `id` = 61[0m
  [4;36;1mSQL (0.031000)[0m   [0;1mCOMMIT[0m
  [4;35;1mShip Load (0.000000)[0m   [0mSELECT * FROM `ships` [0m
Rendering template within layouts/application
Rendering shop/index
  [4;36;1mShip Columns (0.000000)[0m   [0;1mSHOW FIELDS FROM `ships`[0m
  [4;35;1mUsership Load (0.000000)[0m   [0mSELECT * FROM `userships` WHERE (`userships`.user_id = 61) ORDER BY updated_at desc [0m
Completed in 0.15600 (6 reqs/sec) | Rendering: 0.06200 (39%) | DB: 0.03100 (19%) | 200 OK [http://61.172.255.117/shop]


Processing ApplicationController#index (for 127.0.0.1 at 2008-11-20 03:36:40) [POST]
  Session ID: 7ebc158ebe5c7da7b9f26e5ed4eea87d
  Parameters: {"xn_sig_expires"=>"0", "xn_sig_req_src"=>"63e2caf1", "xn_sig_session_key"=>"vTbn4pOVTQpHvVe2rJ5B9jfqjGe4CZwghW/IjN7aDAVoq6fwqrZ3HBGV/XljiQHO-242977226", "xn_sig_user"=>"242977226", "xn_sig_method"=>"get", "xn_sig_time"=>"1227123400371", "xn_sig_api_key"=>"8528a4a80ceb4febb3df66cb4d8f1f14", "xn_sig_in_iframe"=>"0", "xn_sig_app_id"=>"16966", "xn_sig_added"=>"1"}


ActionController::RoutingError (No route matches "/123" with {:canvas=>true, :method=>:post}):
    D:/ruby/ruby/lib/ruby/gems/1.8/gems/actionpack-2.1.1/lib/action_controller/routing/recognition_optimisation.rb:67:in `recognize_path'
    D:/ruby/ruby/lib/ruby/gems/1.8/gems/actionpack-2.1.1/lib/action_controller/routing/route_set.rb:384:in `recognize'
    D:/ruby/ruby/lib/ruby/gems/1.8/gems/actionpack-2.1.1/lib/action_controller/dispatcher.rb:148:in `handle_request'
    D:/ruby/ruby/lib/ruby/gems/1.8/gems/actionpack-2.1.1/lib/action_controller/dispatcher.rb:107:in `dispatch'
    D:/ruby/ruby/lib/ruby/gems/1.8/gems/actionpack-2.1.1/lib/action_controller/dispatcher.rb:104:in `synchronize'
    D:/ruby/ruby/lib/ruby/gems/1.8/gems/actionpack-2.1.1/lib/action_controller/dispatcher.rb:104:in `dispatch'
    D:/ruby/ruby/lib/ruby/gems/1.8/gems/actionpack-2.1.1/lib/action_controller/dispatcher.rb:120:in `dispatch_cgi'
    D:/ruby/ruby/lib/ruby/gems/1.8/gems/actionpack-2.1.1/lib/action_controller/dispatcher.rb:35:in `dispatch'
    D:/ruby/ruby/lib/ruby/gems/1.8/gems/mongrel-1.1.2-x86-mswin32/bin/../lib/mongrel/rails.rb:76:in `process'
    D:/ruby/ruby/lib/ruby/gems/1.8/gems/mongrel-1.1.2-x86-mswin32/bin/../lib/mongrel/rails.rb:74:in `synchronize'
    D:/ruby/ruby/lib/ruby/gems/1.8/gems/mongrel-1.1.2-x86-mswin32/bin/../lib/mongrel/rails.rb:74:in `process'
    D:/ruby/ruby/lib/ruby/gems/1.8/gems/mongrel-1.1.2-x86-mswin32/lib/mongrel.rb:159:in `process_client'
    D:/ruby/ruby/lib/ruby/gems/1.8/gems/mongrel-1.1.2-x86-mswin32/lib/mongrel.rb:158:in `each'
    D:/ruby/ruby/lib/ruby/gems/1.8/gems/mongrel-1.1.2-x86-mswin32/lib/mongrel.rb:158:in `process_client'
    D:/ruby/ruby/lib/ruby/gems/1.8/gems/mongrel-1.1.2-x86-mswin32/lib/mongrel.rb:285:in `run'
    D:/ruby/ruby/lib/ruby/gems/1.8/gems/mongrel-1.1.2-x86-mswin32/lib/mongrel.rb:285:in `initialize'
    D:/ruby/ruby/lib/ruby/gems/1.8/gems/mongrel-1.1.2-x86-mswin32/lib/mongrel.rb:285:in `new'
    D:/ruby/ruby/lib/ruby/gems/1.8/gems/mongrel-1.1.2-x86-mswin32/lib/mongrel.rb:285:in `run'
    D:/ruby/ruby/lib/ruby/gems/1.8/gems/mongrel-1.1.2-x86-mswin32/lib/mongrel.rb:268:in `initialize'
    D:/ruby/ruby/lib/ruby/gems/1.8/gems/mongrel-1.1.2-x86-mswin32/lib/mongrel.rb:268:in `new'
    D:/ruby/ruby/lib/ruby/gems/1.8/gems/mongrel-1.1.2-x86-mswin32/lib/mongrel.rb:268:in `run'
    D:/ruby/ruby/lib/ruby/gems/1.8/gems/mongrel-1.1.2-x86-mswin32/lib/mongrel/configurator.rb:282:in `run'
    D:/ruby/ruby/lib/ruby/gems/1.8/gems/mongrel-1.1.2-x86-mswin32/lib/mongrel/configurator.rb:281:in `each'
    D:/ruby/ruby/lib/ruby/gems/1.8/gems/mongrel-1.1.2-x86-mswin32/lib/mongrel/configurator.rb:281:in `run'
    D:/ruby/ruby/lib/ruby/gems/1.8/gems/mongrel-1.1.2-x86-mswin32/bin/mongrel_rails:128:in `run'
    D:/ruby/ruby/lib/ruby/gems/1.8/gems/mongrel-1.1.2-x86-mswin32/lib/mongrel/command.rb:212:in `run'
    D:/ruby/ruby/lib/ruby/gems/1.8/gems/mongrel-1.1.2-x86-mswin32/bin/mongrel_rails:281
    D:/ruby/ruby/lib/ruby/gems/1.8/gems/activesupport-2.1.1/lib/active_support/dependencies.rb:503:in `load'
    D:/ruby/ruby/lib/ruby/gems/1.8/gems/activesupport-2.1.1/lib/active_support/dependencies.rb:503:in `load'
    D:/ruby/ruby/lib/ruby/gems/1.8/gems/activesupport-2.1.1/lib/active_support/dependencies.rb:355:in `new_constants_in'
    D:/ruby/ruby/lib/ruby/gems/1.8/gems/activesupport-2.1.1/lib/active_support/dependencies.rb:503:in `load'
    D:/ruby/ruby/lib/ruby/gems/1.8/gems/rails-2.1.1/lib/commands/servers/mongrel.rb:64
    D:/ruby/ruby/lib/ruby/site_ruby/1.8/rubygems/custom_require.rb:27:in `gem_original_require'
    D:/ruby/ruby/lib/ruby/site_ruby/1.8/rubygems/custom_require.rb:27:in `require'
    D:/ruby/ruby/lib/ruby/gems/1.8/gems/activesupport-2.1.1/lib/active_support/dependencies.rb:510:in `require'
    D:/ruby/ruby/lib/ruby/gems/1.8/gems/activesupport-2.1.1/lib/active_support/dependencies.rb:355:in `new_constants_in'
    D:/ruby/ruby/lib/ruby/gems/1.8/gems/activesupport-2.1.1/lib/active_support/dependencies.rb:510:in `require'
    D:/ruby/ruby/lib/ruby/gems/1.8/gems/rails-2.1.1/lib/commands/server.rb:39
    D:/ruby/ruby/lib/ruby/site_ruby/1.8/rubygems/custom_require.rb:27:in `gem_original_require'
    D:/ruby/ruby/lib/ruby/site_ruby/1.8/rubygems/custom_require.rb:27:in `require'
    script/server:3

500 displayed
Rendering D:/ruby/rails_apps/xn/lpirate/public/500.html
