

Processing HomeController#index (for 127.0.0.1 at 2008-10-14 09:23:04) [GET]
  Session ID: d1d0ef56868248cc16fa0e7d7e87d1f1
  Parameters: {"action"=>"index", "controller"=>"home"}


NoMethodError (undefined method `user' for nil:NilClass):
    /app/controllers/application.rb:29:in `set_current_user'
    D:/ruby/ruby/lib/ruby/gems/1.8/gems/activesupport-2.1.1/lib/active_support/callbacks.rb:173:in `send'
    D:/ruby/ruby/lib/ruby/gems/1.8/gems/activesupport-2.1.1/lib/active_support/callbacks.rb:173:in `evaluate_method'
    D:/ruby/ruby/lib/ruby/gems/1.8/gems/activesupport-2.1.1/lib/active_support/callbacks.rb:161:in `call'
    D:/ruby/ruby/lib/ruby/gems/1.8/gems/actionpack-2.1.1/lib/action_controller/filters.rb:191:in `call'
    D:/ruby/ruby/lib/ruby/gems/1.8/gems/actionpack-2.1.1/lib/action_controller/filters.rb:591:in `run_before_filters'
    D:/ruby/ruby/lib/ruby/gems/1.8/gems/actionpack-2.1.1/lib/action_controller/filters.rb:577:in `call_filters'
    D:/ruby/ruby/lib/ruby/gems/1.8/gems/actionpack-2.1.1/lib/action_controller/filters.rb:572:in `perform_action_without_benchmark'
    D:/ruby/ruby/lib/ruby/gems/1.8/gems/actionpack-2.1.1/lib/action_controller/benchmarking.rb:68:in `perform_action_without_rescue'
    D:/ruby/ruby/lib/ruby/1.8/benchmark.rb:293:in `measure'
    D:/ruby/ruby/lib/ruby/gems/1.8/gems/actionpack-2.1.1/lib/action_controller/benchmarking.rb:68:in `perform_action_without_rescue'
    D:/ruby/ruby/lib/ruby/gems/1.8/gems/actionpack-2.1.1/lib/action_controller/rescue.rb:201:in `perform_action_without_caching'
    D:/ruby/ruby/lib/ruby/gems/1.8/gems/actionpack-2.1.1/lib/action_controller/caching/sql_cache.rb:13:in `perform_action'
    D:/ruby/ruby/lib/ruby/gems/1.8/gems/activerecord-2.1.1/lib/active_record/connection_adapters/abstract/query_cache.rb:33:in `cache'
    D:/ruby/ruby/lib/ruby/gems/1.8/gems/activerecord-2.1.1/lib/active_record/query_cache.rb:8:in `cache'
    D:/ruby/ruby/lib/ruby/gems/1.8/gems/actionpack-2.1.1/lib/action_controller/caching/sql_cache.rb:12:in `perform_action'
    D:/ruby/ruby/lib/ruby/gems/1.8/gems/actionpack-2.1.1/lib/action_controller/base.rb:529:in `send'
    D:/ruby/ruby/lib/ruby/gems/1.8/gems/actionpack-2.1.1/lib/action_controller/base.rb:529:in `process_without_filters'
    D:/ruby/ruby/lib/ruby/gems/1.8/gems/actionpack-2.1.1/lib/action_controller/filters.rb:568:in `process_without_session_management_support'
    D:/ruby/ruby/lib/ruby/gems/1.8/gems/actionpack-2.1.1/lib/action_controller/session_management.rb:130:in `process'
    D:/ruby/ruby/lib/ruby/gems/1.8/gems/actionpack-2.1.1/lib/action_controller/base.rb:389:in `process'
    D:/ruby/ruby/lib/ruby/gems/1.8/gems/actionpack-2.1.1/lib/action_controller/dispatcher.rb:149:in `handle_request'
    D:/ruby/ruby/lib/ruby/gems/1.8/gems/actionpack-2.1.1/lib/action_controller/dispatcher.rb:107:in `dispatch'
    D:/ruby/ruby/lib/ruby/gems/1.8/gems/actionpack-2.1.1/lib/action_controller/dispatcher.rb:104:in `synchronize'
    D:/ruby/ruby/lib/ruby/gems/1.8/gems/actionpack-2.1.1/lib/action_controller/dispatcher.rb:104:in `dispatch'
    D:/ruby/ruby/lib/ruby/gems/1.8/gems/actionpack-2.1.1/lib/action_controller/dispatcher.rb:120:in `dispatch_cgi'
    D:/ruby/ruby/lib/ruby/gems/1.8/gems/actionpack-2.1.1/lib/action_controller/dispatcher.rb:35:in `dispatch'
    D:/ruby/ruby/lib/ruby/gems/1.8/gems/mongrel-1.1.2-x86-mswin32/bin/../lib/mongrel/rails.rb:76:in `process'
    D:/ruby/ruby/lib/ruby/gems/1.8/gems/mongrel-1.1.2-x86-mswin32/bin/../lib/mongrel/rails.rb:74:in `synchronize'
    D:/ruby/ruby/lib/ruby/gems/1.8/gems/mongrel-1.1.2-x86-mswin32/bin/../lib/mongrel/rails.rb:74:in `process'
    D:/ruby/ruby/lib/ruby/gems/1.8/gems/mongrel-1.1.2-x86-mswin32/lib/mongrel.rb:159:in `process_client'
    D:/ruby/ruby/lib/ruby/gems/1.8/gems/mongrel-1.1.2-x86-mswin32/lib/mongrel.rb:158:in `each'
    D:/ruby/ruby/lib/ruby/gems/1.8/gems/mongrel-1.1.2-x86-mswin32/lib/mongrel.rb:158:in `process_client'
    D:/ruby/ruby/lib/ruby/gems/1.8/gems/mongrel-1.1.2-x86-mswin32/lib/mongrel.rb:285:in `run'
    D:/ruby/ruby/lib/ruby/gems/1.8/gems/mongrel-1.1.2-x86-mswin32/lib/mongrel.rb:285:in `initialize'
    D:/ruby/ruby/lib/ruby/gems/1.8/gems/mongrel-1.1.2-x86-mswin32/lib/mongrel.rb:285:in `new'
    D:/ruby/ruby/lib/ruby/gems/1.8/gems/mongrel-1.1.2-x86-mswin32/lib/mongrel.rb:285:in `run'
    D:/ruby/ruby/lib/ruby/gems/1.8/gems/mongrel-1.1.2-x86-mswin32/lib/mongrel.rb:268:in `initialize'
    D:/ruby/ruby/lib/ruby/gems/1.8/gems/mongrel-1.1.2-x86-mswin32/lib/mongrel.rb:268:in `new'
    D:/ruby/ruby/lib/ruby/gems/1.8/gems/mongrel-1.1.2-x86-mswin32/lib/mongrel.rb:268:in `run'
    D:/ruby/ruby/lib/ruby/gems/1.8/gems/mongrel-1.1.2-x86-mswin32/lib/mongrel/configurator.rb:282:in `run'
    D:/ruby/ruby/lib/ruby/gems/1.8/gems/mongrel-1.1.2-x86-mswin32/lib/mongrel/configurator.rb:281:in `each'
    D:/ruby/ruby/lib/ruby/gems/1.8/gems/mongrel-1.1.2-x86-mswin32/lib/mongrel/configurator.rb:281:in `run'
    D:/ruby/ruby/lib/ruby/gems/1.8/gems/mongrel-1.1.2-x86-mswin32/bin/mongrel_rails:128:in `run'
    D:/ruby/ruby/lib/ruby/gems/1.8/gems/mongrel-1.1.2-x86-mswin32/lib/mongrel/command.rb:212:in `run'
    D:/ruby/ruby/lib/ruby/gems/1.8/gems/mongrel-1.1.2-x86-mswin32/bin/mongrel_rails:281
    D:/ruby/ruby/lib/ruby/gems/1.8/gems/activesupport-2.1.1/lib/active_support/dependencies.rb:503:in `load'
    D:/ruby/ruby/lib/ruby/gems/1.8/gems/activesupport-2.1.1/lib/active_support/dependencies.rb:503:in `load'
    D:/ruby/ruby/lib/ruby/gems/1.8/gems/activesupport-2.1.1/lib/active_support/dependencies.rb:355:in `new_constants_in'
    D:/ruby/ruby/lib/ruby/gems/1.8/gems/activesupport-2.1.1/lib/active_support/dependencies.rb:503:in `load'
    D:/ruby/ruby/lib/ruby/gems/1.8/gems/rails-2.1.1/lib/commands/servers/mongrel.rb:64
    D:/ruby/ruby/lib/ruby/site_ruby/1.8/rubygems/custom_require.rb:27:in `gem_original_require'
    D:/ruby/ruby/lib/ruby/site_ruby/1.8/rubygems/custom_require.rb:27:in `require'
    D:/ruby/ruby/lib/ruby/gems/1.8/gems/activesupport-2.1.1/lib/active_support/dependencies.rb:510:in `require'
    D:/ruby/ruby/lib/ruby/gems/1.8/gems/activesupport-2.1.1/lib/active_support/dependencies.rb:355:in `new_constants_in'
    D:/ruby/ruby/lib/ruby/gems/1.8/gems/activesupport-2.1.1/lib/active_support/dependencies.rb:510:in `require'
    D:/ruby/ruby/lib/ruby/gems/1.8/gems/rails-2.1.1/lib/commands/server.rb:39
    D:/ruby/ruby/lib/ruby/site_ruby/1.8/rubygems/custom_require.rb:27:in `gem_original_require'
    D:/ruby/ruby/lib/ruby/site_ruby/1.8/rubygems/custom_require.rb:27:in `require'
    script/server:3

Rendering D:/ruby/ruby/lib/ruby/gems/1.8/gems/actionpack-2.1.1/lib/action_controller/templates/rescues/layout.erb (internal_server_error)


Processing HomeController#index (for 127.0.0.1 at 2008-10-14 09:23:24) [GET]
  Session ID: BAh7BiIKZmxhc2hJQzonQWN0aW9uQ29udHJvbGxlcjo6Rmxhc2g6OkZsYXNo
SGFzaHsABjoKQHVzZWR7AA==--85a28862128bf67fa5f7e16b0d7b5c204eebcd08
  Parameters: {"action"=>"index", "controller"=>"home"}


NoMethodError (undefined method `user' for nil:NilClass):
    /app/controllers/application.rb:29:in `set_current_user'
    D:/ruby/ruby/lib/ruby/gems/1.8/gems/activesupport-2.1.1/lib/active_support/callbacks.rb:173:in `send'
    D:/ruby/ruby/lib/ruby/gems/1.8/gems/activesupport-2.1.1/lib/active_support/callbacks.rb:173:in `evaluate_method'
    D:/ruby/ruby/lib/ruby/gems/1.8/gems/activesupport-2.1.1/lib/active_support/callbacks.rb:161:in `call'
    D:/ruby/ruby/lib/ruby/gems/1.8/gems/actionpack-2.1.1/lib/action_controller/filters.rb:191:in `call'
    D:/ruby/ruby/lib/ruby/gems/1.8/gems/actionpack-2.1.1/lib/action_controller/filters.rb:591:in `run_before_filters'
    D:/ruby/ruby/lib/ruby/gems/1.8/gems/actionpack-2.1.1/lib/action_controller/filters.rb:577:in `call_filters'
    D:/ruby/ruby/lib/ruby/gems/1.8/gems/actionpack-2.1.1/lib/action_controller/filters.rb:572:in `perform_action_without_benchmark'
    D:/ruby/ruby/lib/ruby/gems/1.8/gems/actionpack-2.1.1/lib/action_controller/benchmarking.rb:68:in `perform_action_without_rescue'
    D:/ruby/ruby/lib/ruby/1.8/benchmark.rb:293:in `measure'
    D:/ruby/ruby/lib/ruby/gems/1.8/gems/actionpack-2.1.1/lib/action_controller/benchmarking.rb:68:in `perform_action_without_rescue'
    D:/ruby/ruby/lib/ruby/gems/1.8/gems/actionpack-2.1.1/lib/action_controller/rescue.rb:201:in `perform_action_without_caching'
    D:/ruby/ruby/lib/ruby/gems/1.8/gems/actionpack-2.1.1/lib/action_controller/caching/sql_cache.rb:13:in `perform_action'
    D:/ruby/ruby/lib/ruby/gems/1.8/gems/activerecord-2.1.1/lib/active_record/connection_adapters/abstract/query_cache.rb:33:in `cache'
    D:/ruby/ruby/lib/ruby/gems/1.8/gems/activerecord-2.1.1/lib/active_record/query_cache.rb:8:in `cache'
    D:/ruby/ruby/lib/ruby/gems/1.8/gems/actionpack-2.1.1/lib/action_controller/caching/sql_cache.rb:12:in `perform_action'
    D:/ruby/ruby/lib/ruby/gems/1.8/gems/actionpack-2.1.1/lib/action_controller/base.rb:529:in `send'
    D:/ruby/ruby/lib/ruby/gems/1.8/gems/actionpack-2.1.1/lib/action_controller/base.rb:529:in `process_without_filters'
    D:/ruby/ruby/lib/ruby/gems/1.8/gems/actionpack-2.1.1/lib/action_controller/filters.rb:568:in `process_without_session_management_support'
    D:/ruby/ruby/lib/ruby/gems/1.8/gems/actionpack-2.1.1/lib/action_controller/session_management.rb:130:in `process'
    D:/ruby/ruby/lib/ruby/gems/1.8/gems/actionpack-2.1.1/lib/action_controller/base.rb:389:in `process'
    D:/ruby/ruby/lib/ruby/gems/1.8/gems/actionpack-2.1.1/lib/action_controller/dispatcher.rb:149:in `handle_request'
    D:/ruby/ruby/lib/ruby/gems/1.8/gems/actionpack-2.1.1/lib/action_controller/dispatcher.rb:107:in `dispatch'
    D:/ruby/ruby/lib/ruby/gems/1.8/gems/actionpack-2.1.1/lib/action_controller/dispatcher.rb:104:in `synchronize'
    D:/ruby/ruby/lib/ruby/gems/1.8/gems/actionpack-2.1.1/lib/action_controller/dispatcher.rb:104:in `dispatch'
    D:/ruby/ruby/lib/ruby/gems/1.8/gems/actionpack-2.1.1/lib/action_controller/dispatcher.rb:120:in `dispatch_cgi'
    D:/ruby/ruby/lib/ruby/gems/1.8/gems/actionpack-2.1.1/lib/action_controller/dispatcher.rb:35:in `dispatch'
    D:/ruby/ruby/lib/ruby/gems/1.8/gems/mongrel-1.1.2-x86-mswin32/bin/../lib/mongrel/rails.rb:76:in `process'
    D:/ruby/ruby/lib/ruby/gems/1.8/gems/mongrel-1.1.2-x86-mswin32/bin/../lib/mongrel/rails.rb:74:in `synchronize'
    D:/ruby/ruby/lib/ruby/gems/1.8/gems/mongrel-1.1.2-x86-mswin32/bin/../lib/mongrel/rails.rb:74:in `process'
    D:/ruby/ruby/lib/ruby/gems/1.8/gems/mongrel-1.1.2-x86-mswin32/lib/mongrel.rb:159:in `process_client'
    D:/ruby/ruby/lib/ruby/gems/1.8/gems/mongrel-1.1.2-x86-mswin32/lib/mongrel.rb:158:in `each'
    D:/ruby/ruby/lib/ruby/gems/1.8/gems/mongrel-1.1.2-x86-mswin32/lib/mongrel.rb:158:in `process_client'
    D:/ruby/ruby/lib/ruby/gems/1.8/gems/mongrel-1.1.2-x86-mswin32/lib/mongrel.rb:285:in `run'
    D:/ruby/ruby/lib/ruby/gems/1.8/gems/mongrel-1.1.2-x86-mswin32/lib/mongrel.rb:285:in `initialize'
    D:/ruby/ruby/lib/ruby/gems/1.8/gems/mongrel-1.1.2-x86-mswin32/lib/mongrel.rb:285:in `new'
    D:/ruby/ruby/lib/ruby/gems/1.8/gems/mongrel-1.1.2-x86-mswin32/lib/mongrel.rb:285:in `run'
    D:/ruby/ruby/lib/ruby/gems/1.8/gems/mongrel-1.1.2-x86-mswin32/lib/mongrel.rb:268:in `initialize'
    D:/ruby/ruby/lib/ruby/gems/1.8/gems/mongrel-1.1.2-x86-mswin32/lib/mongrel.rb:268:in `new'
    D:/ruby/ruby/lib/ruby/gems/1.8/gems/mongrel-1.1.2-x86-mswin32/lib/mongrel.rb:268:in `run'
    D:/ruby/ruby/lib/ruby/gems/1.8/gems/mongrel-1.1.2-x86-mswin32/lib/mongrel/configurator.rb:282:in `run'
    D:/ruby/ruby/lib/ruby/gems/1.8/gems/mongrel-1.1.2-x86-mswin32/lib/mongrel/configurator.rb:281:in `each'
    D:/ruby/ruby/lib/ruby/gems/1.8/gems/mongrel-1.1.2-x86-mswin32/lib/mongrel/configurator.rb:281:in `run'
    D:/ruby/ruby/lib/ruby/gems/1.8/gems/mongrel-1.1.2-x86-mswin32/bin/mongrel_rails:128:in `run'
    D:/ruby/ruby/lib/ruby/gems/1.8/gems/mongrel-1.1.2-x86-mswin32/lib/mongrel/command.rb:212:in `run'
    D:/ruby/ruby/lib/ruby/gems/1.8/gems/mongrel-1.1.2-x86-mswin32/bin/mongrel_rails:281
    D:/ruby/ruby/lib/ruby/gems/1.8/gems/activesupport-2.1.1/lib/active_support/dependencies.rb:503:in `load'
    D:/ruby/ruby/lib/ruby/gems/1.8/gems/activesupport-2.1.1/lib/active_support/dependencies.rb:503:in `load'
    D:/ruby/ruby/lib/ruby/gems/1.8/gems/activesupport-2.1.1/lib/active_support/dependencies.rb:355:in `new_constants_in'
    D:/ruby/ruby/lib/ruby/gems/1.8/gems/activesupport-2.1.1/lib/active_support/dependencies.rb:503:in `load'
    D:/ruby/ruby/lib/ruby/gems/1.8/gems/rails-2.1.1/lib/commands/servers/mongrel.rb:64
    D:/ruby/ruby/lib/ruby/site_ruby/1.8/rubygems/custom_require.rb:27:in `gem_original_require'
    D:/ruby/ruby/lib/ruby/site_ruby/1.8/rubygems/custom_require.rb:27:in `require'
    D:/ruby/ruby/lib/ruby/gems/1.8/gems/activesupport-2.1.1/lib/active_support/dependencies.rb:510:in `require'
    D:/ruby/ruby/lib/ruby/gems/1.8/gems/activesupport-2.1.1/lib/active_support/dependencies.rb:355:in `new_constants_in'
    D:/ruby/ruby/lib/ruby/gems/1.8/gems/activesupport-2.1.1/lib/active_support/dependencies.rb:510:in `require'
    D:/ruby/ruby/lib/ruby/gems/1.8/gems/rails-2.1.1/lib/commands/server.rb:39
    D:/ruby/ruby/lib/ruby/site_ruby/1.8/rubygems/custom_require.rb:27:in `gem_original_require'
    D:/ruby/ruby/lib/ruby/site_ruby/1.8/rubygems/custom_require.rb:27:in `require'
    script/server:3

Rendering D:/ruby/ruby/lib/ruby/gems/1.8/gems/actionpack-2.1.1/lib/action_controller/templates/rescues/layout.erb (internal_server_error)


Processing HomeController#index (for 127.0.0.1 at 2008-10-14 09:24:09) [GET]
  Session ID: BAh7BiIKZmxhc2hJQzonQWN0aW9uQ29udHJvbGxlcjo6Rmxhc2g6OkZsYXNo
SGFzaHsABjoKQHVzZWR7AA==--85a28862128bf67fa5f7e16b0d7b5c204eebcd08
  Parameters: {"action"=>"index", "controller"=>"home"}


NoMethodError (undefined method `user' for nil:NilClass):
    /app/controllers/application.rb:29:in `set_current_user'
    D:/ruby/ruby/lib/ruby/gems/1.8/gems/activesupport-2.1.1/lib/active_support/callbacks.rb:173:in `send'
    D:/ruby/ruby/lib/ruby/gems/1.8/gems/activesupport-2.1.1/lib/active_support/callbacks.rb:173:in `evaluate_method'
    D:/ruby/ruby/lib/ruby/gems/1.8/gems/activesupport-2.1.1/lib/active_support/callbacks.rb:161:in `call'
    D:/ruby/ruby/lib/ruby/gems/1.8/gems/actionpack-2.1.1/lib/action_controller/filters.rb:191:in `call'
    D:/ruby/ruby/lib/ruby/gems/1.8/gems/actionpack-2.1.1/lib/action_controller/filters.rb:591:in `run_before_filters'
    D:/ruby/ruby/lib/ruby/gems/1.8/gems/actionpack-2.1.1/lib/action_controller/filters.rb:577:in `call_filters'
    D:/ruby/ruby/lib/ruby/gems/1.8/gems/actionpack-2.1.1/lib/action_controller/filters.rb:572:in `perform_action_without_benchmark'
    D:/ruby/ruby/lib/ruby/gems/1.8/gems/actionpack-2.1.1/lib/action_controller/benchmarking.rb:68:in `perform_action_without_rescue'
    D:/ruby/ruby/lib/ruby/1.8/benchmark.rb:293:in `measure'
    D:/ruby/ruby/lib/ruby/gems/1.8/gems/actionpack-2.1.1/lib/action_controller/benchmarking.rb:68:in `perform_action_without_rescue'
    D:/ruby/ruby/lib/ruby/gems/1.8/gems/actionpack-2.1.1/lib/action_controller/rescue.rb:201:in `perform_action_without_caching'
    D:/ruby/ruby/lib/ruby/gems/1.8/gems/actionpack-2.1.1/lib/action_controller/caching/sql_cache.rb:13:in `perform_action'
    D:/ruby/ruby/lib/ruby/gems/1.8/gems/activerecord-2.1.1/lib/active_record/connection_adapters/abstract/query_cache.rb:33:in `cache'
    D:/ruby/ruby/lib/ruby/gems/1.8/gems/activerecord-2.1.1/lib/active_record/query_cache.rb:8:in `cache'
    D:/ruby/ruby/lib/ruby/gems/1.8/gems/actionpack-2.1.1/lib/action_controller/caching/sql_cache.rb:12:in `perform_action'
    D:/ruby/ruby/lib/ruby/gems/1.8/gems/actionpack-2.1.1/lib/action_controller/base.rb:529:in `send'
    D:/ruby/ruby/lib/ruby/gems/1.8/gems/actionpack-2.1.1/lib/action_controller/base.rb:529:in `process_without_filters'
    D:/ruby/ruby/lib/ruby/gems/1.8/gems/actionpack-2.1.1/lib/action_controller/filters.rb:568:in `process_without_session_management_support'
    D:/ruby/ruby/lib/ruby/gems/1.8/gems/actionpack-2.1.1/lib/action_controller/session_management.rb:130:in `process'
    D:/ruby/ruby/lib/ruby/gems/1.8/gems/actionpack-2.1.1/lib/action_controller/base.rb:389:in `process'
    D:/ruby/ruby/lib/ruby/gems/1.8/gems/actionpack-2.1.1/lib/action_controller/dispatcher.rb:149:in `handle_request'
    D:/ruby/ruby/lib/ruby/gems/1.8/gems/actionpack-2.1.1/lib/action_controller/dispatcher.rb:107:in `dispatch'
    D:/ruby/ruby/lib/ruby/gems/1.8/gems/actionpack-2.1.1/lib/action_controller/dispatcher.rb:104:in `synchronize'
    D:/ruby/ruby/lib/ruby/gems/1.8/gems/actionpack-2.1.1/lib/action_controller/dispatcher.rb:104:in `dispatch'
    D:/ruby/ruby/lib/ruby/gems/1.8/gems/actionpack-2.1.1/lib/action_controller/dispatcher.rb:120:in `dispatch_cgi'
    D:/ruby/ruby/lib/ruby/gems/1.8/gems/actionpack-2.1.1/lib/action_controller/dispatcher.rb:35:in `dispatch'
    D:/ruby/ruby/lib/ruby/gems/1.8/gems/mongrel-1.1.2-x86-mswin32/bin/../lib/mongrel/rails.rb:76:in `process'
    D:/ruby/ruby/lib/ruby/gems/1.8/gems/mongrel-1.1.2-x86-mswin32/bin/../lib/mongrel/rails.rb:74:in `synchronize'
    D:/ruby/ruby/lib/ruby/gems/1.8/gems/mongrel-1.1.2-x86-mswin32/bin/../lib/mongrel/rails.rb:74:in `process'
    D:/ruby/ruby/lib/ruby/gems/1.8/gems/mongrel-1.1.2-x86-mswin32/lib/mongrel.rb:159:in `process_client'
    D:/ruby/ruby/lib/ruby/gems/1.8/gems/mongrel-1.1.2-x86-mswin32/lib/mongrel.rb:158:in `each'
    D:/ruby/ruby/lib/ruby/gems/1.8/gems/mongrel-1.1.2-x86-mswin32/lib/mongrel.rb:158:in `process_client'
    D:/ruby/ruby/lib/ruby/gems/1.8/gems/mongrel-1.1.2-x86-mswin32/lib/mongrel.rb:285:in `run'
    D:/ruby/ruby/lib/ruby/gems/1.8/gems/mongrel-1.1.2-x86-mswin32/lib/mongrel.rb:285:in `initialize'
    D:/ruby/ruby/lib/ruby/gems/1.8/gems/mongrel-1.1.2-x86-mswin32/lib/mongrel.rb:285:in `new'
    D:/ruby/ruby/lib/ruby/gems/1.8/gems/mongrel-1.1.2-x86-mswin32/lib/mongrel.rb:285:in `run'
    D:/ruby/ruby/lib/ruby/gems/1.8/gems/mongrel-1.1.2-x86-mswin32/lib/mongrel.rb:268:in `initialize'
    D:/ruby/ruby/lib/ruby/gems/1.8/gems/mongrel-1.1.2-x86-mswin32/lib/mongrel.rb:268:in `new'
    D:/ruby/ruby/lib/ruby/gems/1.8/gems/mongrel-1.1.2-x86-mswin32/lib/mongrel.rb:268:in `run'
    D:/ruby/ruby/lib/ruby/gems/1.8/gems/mongrel-1.1.2-x86-mswin32/lib/mongrel/configurator.rb:282:in `run'
    D:/ruby/ruby/lib/ruby/gems/1.8/gems/mongrel-1.1.2-x86-mswin32/lib/mongrel/configurator.rb:281:in `each'
    D:/ruby/ruby/lib/ruby/gems/1.8/gems/mongrel-1.1.2-x86-mswin32/lib/mongrel/configurator.rb:281:in `run'
    D:/ruby/ruby/lib/ruby/gems/1.8/gems/mongrel-1.1.2-x86-mswin32/bin/mongrel_rails:128:in `run'
    D:/ruby/ruby/lib/ruby/gems/1.8/gems/mongrel-1.1.2-x86-mswin32/lib/mongrel/command.rb:212:in `run'
    D:/ruby/ruby/lib/ruby/gems/1.8/gems/mongrel-1.1.2-x86-mswin32/bin/mongrel_rails:281
    D:/ruby/ruby/lib/ruby/gems/1.8/gems/activesupport-2.1.1/lib/active_support/dependencies.rb:503:in `load'
    D:/ruby/ruby/lib/ruby/gems/1.8/gems/activesupport-2.1.1/lib/active_support/dependencies.rb:503:in `load'
    D:/ruby/ruby/lib/ruby/gems/1.8/gems/activesupport-2.1.1/lib/active_support/dependencies.rb:355:in `new_constants_in'
    D:/ruby/ruby/lib/ruby/gems/1.8/gems/activesupport-2.1.1/lib/active_support/dependencies.rb:503:in `load'
    D:/ruby/ruby/lib/ruby/gems/1.8/gems/rails-2.1.1/lib/commands/servers/mongrel.rb:64
    D:/ruby/ruby/lib/ruby/site_ruby/1.8/rubygems/custom_require.rb:27:in `gem_original_require'
    D:/ruby/ruby/lib/ruby/site_ruby/1.8/rubygems/custom_require.rb:27:in `require'
    D:/ruby/ruby/lib/ruby/gems/1.8/gems/activesupport-2.1.1/lib/active_support/dependencies.rb:510:in `require'
    D:/ruby/ruby/lib/ruby/gems/1.8/gems/activesupport-2.1.1/lib/active_support/dependencies.rb:355:in `new_constants_in'
    D:/ruby/ruby/lib/ruby/gems/1.8/gems/activesupport-2.1.1/lib/active_support/dependencies.rb:510:in `require'
    D:/ruby/ruby/lib/ruby/gems/1.8/gems/rails-2.1.1/lib/commands/server.rb:39
    D:/ruby/ruby/lib/ruby/site_ruby/1.8/rubygems/custom_require.rb:27:in `gem_original_require'
    D:/ruby/ruby/lib/ruby/site_ruby/1.8/rubygems/custom_require.rb:27:in `require'
    script/server:3

Rendering D:/ruby/ruby/lib/ruby/gems/1.8/gems/actionpack-2.1.1/lib/action_controller/templates/rescues/layout.erb (internal_server_error)


Processing HomeController#index (for 127.0.0.1 at 2008-10-14 09:24:14) [GET]
  Session ID: BAh7BiIKZmxhc2hJQzonQWN0aW9uQ29udHJvbGxlcjo6Rmxhc2g6OkZsYXNo
SGFzaHsABjoKQHVzZWR7AA==--85a28862128bf67fa5f7e16b0d7b5c204eebcd08
  Parameters: {"action"=>"index", "controller"=>"home"}


NoMethodError (undefined method `user' for nil:NilClass):
    /app/controllers/application.rb:29:in `set_current_user'
    D:/ruby/ruby/lib/ruby/gems/1.8/gems/activesupport-2.1.1/lib/active_support/callbacks.rb:173:in `send'
    D:/ruby/ruby/lib/ruby/gems/1.8/gems/activesupport-2.1.1/lib/active_support/callbacks.rb:173:in `evaluate_method'
    D:/ruby/ruby/lib/ruby/gems/1.8/gems/activesupport-2.1.1/lib/active_support/callbacks.rb:161:in `call'
    D:/ruby/ruby/lib/ruby/gems/1.8/gems/actionpack-2.1.1/lib/action_controller/filters.rb:191:in `call'
    D:/ruby/ruby/lib/ruby/gems/1.8/gems/actionpack-2.1.1/lib/action_controller/filters.rb:591:in `run_before_filters'
    D:/ruby/ruby/lib/ruby/gems/1.8/gems/actionpack-2.1.1/lib/action_controller/filters.rb:577:in `call_filters'
    D:/ruby/ruby/lib/ruby/gems/1.8/gems/actionpack-2.1.1/lib/action_controller/filters.rb:572:in `perform_action_without_benchmark'
    D:/ruby/ruby/lib/ruby/gems/1.8/gems/actionpack-2.1.1/lib/action_controller/benchmarking.rb:68:in `perform_action_without_rescue'
    D:/ruby/ruby/lib/ruby/1.8/benchmark.rb:293:in `measure'
    D:/ruby/ruby/lib/ruby/gems/1.8/gems/actionpack-2.1.1/lib/action_controller/benchmarking.rb:68:in `perform_action_without_rescue'
    D:/ruby/ruby/lib/ruby/gems/1.8/gems/actionpack-2.1.1/lib/action_controller/rescue.rb:201:in `perform_action_without_caching'
    D:/ruby/ruby/lib/ruby/gems/1.8/gems/actionpack-2.1.1/lib/action_controller/caching/sql_cache.rb:13:in `perform_action'
    D:/ruby/ruby/lib/ruby/gems/1.8/gems/activerecord-2.1.1/lib/active_record/connection_adapters/abstract/query_cache.rb:33:in `cache'
    D:/ruby/ruby/lib/ruby/gems/1.8/gems/activerecord-2.1.1/lib/active_record/query_cache.rb:8:in `cache'
    D:/ruby/ruby/lib/ruby/gems/1.8/gems/actionpack-2.1.1/lib/action_controller/caching/sql_cache.rb:12:in `perform_action'
    D:/ruby/ruby/lib/ruby/gems/1.8/gems/actionpack-2.1.1/lib/action_controller/base.rb:529:in `send'
    D:/ruby/ruby/lib/ruby/gems/1.8/gems/actionpack-2.1.1/lib/action_controller/base.rb:529:in `process_without_filters'
    D:/ruby/ruby/lib/ruby/gems/1.8/gems/actionpack-2.1.1/lib/action_controller/filters.rb:568:in `process_without_session_management_support'
    D:/ruby/ruby/lib/ruby/gems/1.8/gems/actionpack-2.1.1/lib/action_controller/session_management.rb:130:in `process'
    D:/ruby/ruby/lib/ruby/gems/1.8/gems/actionpack-2.1.1/lib/action_controller/base.rb:389:in `process'
    D:/ruby/ruby/lib/ruby/gems/1.8/gems/actionpack-2.1.1/lib/action_controller/dispatcher.rb:149:in `handle_request'
    D:/ruby/ruby/lib/ruby/gems/1.8/gems/actionpack-2.1.1/lib/action_controller/dispatcher.rb:107:in `dispatch'
    D:/ruby/ruby/lib/ruby/gems/1.8/gems/actionpack-2.1.1/lib/action_controller/dispatcher.rb:104:in `synchronize'
    D:/ruby/ruby/lib/ruby/gems/1.8/gems/actionpack-2.1.1/lib/action_controller/dispatcher.rb:104:in `dispatch'
    D:/ruby/ruby/lib/ruby/gems/1.8/gems/actionpack-2.1.1/lib/action_controller/dispatcher.rb:120:in `dispatch_cgi'
    D:/ruby/ruby/lib/ruby/gems/1.8/gems/actionpack-2.1.1/lib/action_controller/dispatcher.rb:35:in `dispatch'
    D:/ruby/ruby/lib/ruby/gems/1.8/gems/mongrel-1.1.2-x86-mswin32/bin/../lib/mongrel/rails.rb:76:in `process'
    D:/ruby/ruby/lib/ruby/gems/1.8/gems/mongrel-1.1.2-x86-mswin32/bin/../lib/mongrel/rails.rb:74:in `synchronize'
    D:/ruby/ruby/lib/ruby/gems/1.8/gems/mongrel-1.1.2-x86-mswin32/bin/../lib/mongrel/rails.rb:74:in `process'
    D:/ruby/ruby/lib/ruby/gems/1.8/gems/mongrel-1.1.2-x86-mswin32/lib/mongrel.rb:159:in `process_client'
    D:/ruby/ruby/lib/ruby/gems/1.8/gems/mongrel-1.1.2-x86-mswin32/lib/mongrel.rb:158:in `each'
    D:/ruby/ruby/lib/ruby/gems/1.8/gems/mongrel-1.1.2-x86-mswin32/lib/mongrel.rb:158:in `process_client'
    D:/ruby/ruby/lib/ruby/gems/1.8/gems/mongrel-1.1.2-x86-mswin32/lib/mongrel.rb:285:in `run'
    D:/ruby/ruby/lib/ruby/gems/1.8/gems/mongrel-1.1.2-x86-mswin32/lib/mongrel.rb:285:in `initialize'
    D:/ruby/ruby/lib/ruby/gems/1.8/gems/mongrel-1.1.2-x86-mswin32/lib/mongrel.rb:285:in `new'
    D:/ruby/ruby/lib/ruby/gems/1.8/gems/mongrel-1.1.2-x86-mswin32/lib/mongrel.rb:285:in `run'
    D:/ruby/ruby/lib/ruby/gems/1.8/gems/mongrel-1.1.2-x86-mswin32/lib/mongrel.rb:268:in `initialize'
    D:/ruby/ruby/lib/ruby/gems/1.8/gems/mongrel-1.1.2-x86-mswin32/lib/mongrel.rb:268:in `new'
    D:/ruby/ruby/lib/ruby/gems/1.8/gems/mongrel-1.1.2-x86-mswin32/lib/mongrel.rb:268:in `run'
    D:/ruby/ruby/lib/ruby/gems/1.8/gems/mongrel-1.1.2-x86-mswin32/lib/mongrel/configurator.rb:282:in `run'
    D:/ruby/ruby/lib/ruby/gems/1.8/gems/mongrel-1.1.2-x86-mswin32/lib/mongrel/configurator.rb:281:in `each'
    D:/ruby/ruby/lib/ruby/gems/1.8/gems/mongrel-1.1.2-x86-mswin32/lib/mongrel/configurator.rb:281:in `run'
    D:/ruby/ruby/lib/ruby/gems/1.8/gems/mongrel-1.1.2-x86-mswin32/bin/mongrel_rails:128:in `run'
    D:/ruby/ruby/lib/ruby/gems/1.8/gems/mongrel-1.1.2-x86-mswin32/lib/mongrel/command.rb:212:in `run'
    D:/ruby/ruby/lib/ruby/gems/1.8/gems/mongrel-1.1.2-x86-mswin32/bin/mongrel_rails:281
    D:/ruby/ruby/lib/ruby/gems/1.8/gems/activesupport-2.1.1/lib/active_support/dependencies.rb:503:in `load'
    D:/ruby/ruby/lib/ruby/gems/1.8/gems/activesupport-2.1.1/lib/active_support/dependencies.rb:503:in `load'
    D:/ruby/ruby/lib/ruby/gems/1.8/gems/activesupport-2.1.1/lib/active_support/dependencies.rb:355:in `new_constants_in'
    D:/ruby/ruby/lib/ruby/gems/1.8/gems/activesupport-2.1.1/lib/active_support/dependencies.rb:503:in `load'
    D:/ruby/ruby/lib/ruby/gems/1.8/gems/rails-2.1.1/lib/commands/servers/mongrel.rb:64
    D:/ruby/ruby/lib/ruby/site_ruby/1.8/rubygems/custom_require.rb:27:in `gem_original_require'
    D:/ruby/ruby/lib/ruby/site_ruby/1.8/rubygems/custom_require.rb:27:in `require'
    D:/ruby/ruby/lib/ruby/gems/1.8/gems/activesupport-2.1.1/lib/active_support/dependencies.rb:510:in `require'
    D:/ruby/ruby/lib/ruby/gems/1.8/gems/activesupport-2.1.1/lib/active_support/dependencies.rb:355:in `new_constants_in'
    D:/ruby/ruby/lib/ruby/gems/1.8/gems/activesupport-2.1.1/lib/active_support/dependencies.rb:510:in `require'
    D:/ruby/ruby/lib/ruby/gems/1.8/gems/rails-2.1.1/lib/commands/server.rb:39
    D:/ruby/ruby/lib/ruby/site_ruby/1.8/rubygems/custom_require.rb:27:in `gem_original_require'
    D:/ruby/ruby/lib/ruby/site_ruby/1.8/rubygems/custom_require.rb:27:in `require'
    script/server:3

Rendering D:/ruby/ruby/lib/ruby/gems/1.8/gems/actionpack-2.1.1/lib/action_controller/templates/rescues/layout.erb (internal_server_error)


Processing HomeController#index (for 127.0.0.1 at 2008-10-14 09:24:26) [GET]
  Session ID: BAh7BiIKZmxhc2hJQzonQWN0aW9uQ29udHJvbGxlcjo6Rmxhc2g6OkZsYXNo
SGFzaHsABjoKQHVzZWR7AA==--85a28862128bf67fa5f7e16b0d7b5c204eebcd08
  Parameters: {"action"=>"index", "controller"=>"home"}


NoMethodError (undefined method `user' for nil:NilClass):
    /app/controllers/application.rb:29:in `set_current_user'
    D:/ruby/ruby/lib/ruby/gems/1.8/gems/activesupport-2.1.1/lib/active_support/callbacks.rb:173:in `send'
    D:/ruby/ruby/lib/ruby/gems/1.8/gems/activesupport-2.1.1/lib/active_support/callbacks.rb:173:in `evaluate_method'
    D:/ruby/ruby/lib/ruby/gems/1.8/gems/activesupport-2.1.1/lib/active_support/callbacks.rb:161:in `call'
    D:/ruby/ruby/lib/ruby/gems/1.8/gems/actionpack-2.1.1/lib/action_controller/filters.rb:191:in `call'
    D:/ruby/ruby/lib/ruby/gems/1.8/gems/actionpack-2.1.1/lib/action_controller/filters.rb:591:in `run_before_filters'
    D:/ruby/ruby/lib/ruby/gems/1.8/gems/actionpack-2.1.1/lib/action_controller/filters.rb:577:in `call_filters'
    D:/ruby/ruby/lib/ruby/gems/1.8/gems/actionpack-2.1.1/lib/action_controller/filters.rb:572:in `perform_action_without_benchmark'
    D:/ruby/ruby/lib/ruby/gems/1.8/gems/actionpack-2.1.1/lib/action_controller/benchmarking.rb:68:in `perform_action_without_rescue'
    D:/ruby/ruby/lib/ruby/1.8/benchmark.rb:293:in `measure'
    D:/ruby/ruby/lib/ruby/gems/1.8/gems/actionpack-2.1.1/lib/action_controller/benchmarking.rb:68:in `perform_action_without_rescue'
    D:/ruby/ruby/lib/ruby/gems/1.8/gems/actionpack-2.1.1/lib/action_controller/rescue.rb:201:in `perform_action_without_caching'
    D:/ruby/ruby/lib/ruby/gems/1.8/gems/actionpack-2.1.1/lib/action_controller/caching/sql_cache.rb:13:in `perform_action'
    D:/ruby/ruby/lib/ruby/gems/1.8/gems/activerecord-2.1.1/lib/active_record/connection_adapters/abstract/query_cache.rb:33:in `cache'
    D:/ruby/ruby/lib/ruby/gems/1.8/gems/activerecord-2.1.1/lib/active_record/query_cache.rb:8:in `cache'
    D:/ruby/ruby/lib/ruby/gems/1.8/gems/actionpack-2.1.1/lib/action_controller/caching/sql_cache.rb:12:in `perform_action'
    D:/ruby/ruby/lib/ruby/gems/1.8/gems/actionpack-2.1.1/lib/action_controller/base.rb:529:in `send'
    D:/ruby/ruby/lib/ruby/gems/1.8/gems/actionpack-2.1.1/lib/action_controller/base.rb:529:in `process_without_filters'
    D:/ruby/ruby/lib/ruby/gems/1.8/gems/actionpack-2.1.1/lib/action_controller/filters.rb:568:in `process_without_session_management_support'
    D:/ruby/ruby/lib/ruby/gems/1.8/gems/actionpack-2.1.1/lib/action_controller/session_management.rb:130:in `process'
    D:/ruby/ruby/lib/ruby/gems/1.8/gems/actionpack-2.1.1/lib/action_controller/base.rb:389:in `process'
    D:/ruby/ruby/lib/ruby/gems/1.8/gems/actionpack-2.1.1/lib/action_controller/dispatcher.rb:149:in `handle_request'
    D:/ruby/ruby/lib/ruby/gems/1.8/gems/actionpack-2.1.1/lib/action_controller/dispatcher.rb:107:in `dispatch'
    D:/ruby/ruby/lib/ruby/gems/1.8/gems/actionpack-2.1.1/lib/action_controller/dispatcher.rb:104:in `synchronize'
    D:/ruby/ruby/lib/ruby/gems/1.8/gems/actionpack-2.1.1/lib/action_controller/dispatcher.rb:104:in `dispatch'
    D:/ruby/ruby/lib/ruby/gems/1.8/gems/actionpack-2.1.1/lib/action_controller/dispatcher.rb:120:in `dispatch_cgi'
    D:/ruby/ruby/lib/ruby/gems/1.8/gems/actionpack-2.1.1/lib/action_controller/dispatcher.rb:35:in `dispatch'
    D:/ruby/ruby/lib/ruby/gems/1.8/gems/mongrel-1.1.2-x86-mswin32/bin/../lib/mongrel/rails.rb:76:in `process'
    D:/ruby/ruby/lib/ruby/gems/1.8/gems/mongrel-1.1.2-x86-mswin32/bin/../lib/mongrel/rails.rb:74:in `synchronize'
    D:/ruby/ruby/lib/ruby/gems/1.8/gems/mongrel-1.1.2-x86-mswin32/bin/../lib/mongrel/rails.rb:74:in `process'
    D:/ruby/ruby/lib/ruby/gems/1.8/gems/mongrel-1.1.2-x86-mswin32/lib/mongrel.rb:159:in `process_client'
    D:/ruby/ruby/lib/ruby/gems/1.8/gems/mongrel-1.1.2-x86-mswin32/lib/mongrel.rb:158:in `each'
    D:/ruby/ruby/lib/ruby/gems/1.8/gems/mongrel-1.1.2-x86-mswin32/lib/mongrel.rb:158:in `process_client'
    D:/ruby/ruby/lib/ruby/gems/1.8/gems/mongrel-1.1.2-x86-mswin32/lib/mongrel.rb:285:in `run'
    D:/ruby/ruby/lib/ruby/gems/1.8/gems/mongrel-1.1.2-x86-mswin32/lib/mongrel.rb:285:in `initialize'
    D:/ruby/ruby/lib/ruby/gems/1.8/gems/mongrel-1.1.2-x86-mswin32/lib/mongrel.rb:285:in `new'
    D:/ruby/ruby/lib/ruby/gems/1.8/gems/mongrel-1.1.2-x86-mswin32/lib/mongrel.rb:285:in `run'
    D:/ruby/ruby/lib/ruby/gems/1.8/gems/mongrel-1.1.2-x86-mswin32/lib/mongrel.rb:268:in `initialize'
    D:/ruby/ruby/lib/ruby/gems/1.8/gems/mongrel-1.1.2-x86-mswin32/lib/mongrel.rb:268:in `new'
    D:/ruby/ruby/lib/ruby/gems/1.8/gems/mongrel-1.1.2-x86-mswin32/lib/mongrel.rb:268:in `run'
    D:/ruby/ruby/lib/ruby/gems/1.8/gems/mongrel-1.1.2-x86-mswin32/lib/mongrel/configurator.rb:282:in `run'
    D:/ruby/ruby/lib/ruby/gems/1.8/gems/mongrel-1.1.2-x86-mswin32/lib/mongrel/configurator.rb:281:in `each'
    D:/ruby/ruby/lib/ruby/gems/1.8/gems/mongrel-1.1.2-x86-mswin32/lib/mongrel/configurator.rb:281:in `run'
    D:/ruby/ruby/lib/ruby/gems/1.8/gems/mongrel-1.1.2-x86-mswin32/bin/mongrel_rails:128:in `run'
    D:/ruby/ruby/lib/ruby/gems/1.8/gems/mongrel-1.1.2-x86-mswin32/lib/mongrel/command.rb:212:in `run'
    D:/ruby/ruby/lib/ruby/gems/1.8/gems/mongrel-1.1.2-x86-mswin32/bin/mongrel_rails:281
    D:/ruby/ruby/lib/ruby/gems/1.8/gems/activesupport-2.1.1/lib/active_support/dependencies.rb:503:in `load'
    D:/ruby/ruby/lib/ruby/gems/1.8/gems/activesupport-2.1.1/lib/active_support/dependencies.rb:503:in `load'
    D:/ruby/ruby/lib/ruby/gems/1.8/gems/activesupport-2.1.1/lib/active_support/dependencies.rb:355:in `new_constants_in'
    D:/ruby/ruby/lib/ruby/gems/1.8/gems/activesupport-2.1.1/lib/active_support/dependencies.rb:503:in `load'
    D:/ruby/ruby/lib/ruby/gems/1.8/gems/rails-2.1.1/lib/commands/servers/mongrel.rb:64
    D:/ruby/ruby/lib/ruby/site_ruby/1.8/rubygems/custom_require.rb:27:in `gem_original_require'
    D:/ruby/ruby/lib/ruby/site_ruby/1.8/rubygems/custom_require.rb:27:in `require'
    D:/ruby/ruby/lib/ruby/gems/1.8/gems/activesupport-2.1.1/lib/active_support/dependencies.rb:510:in `require'
    D:/ruby/ruby/lib/ruby/gems/1.8/gems/activesupport-2.1.1/lib/active_support/dependencies.rb:355:in `new_constants_in'
    D:/ruby/ruby/lib/ruby/gems/1.8/gems/activesupport-2.1.1/lib/active_support/dependencies.rb:510:in `require'
    D:/ruby/ruby/lib/ruby/gems/1.8/gems/rails-2.1.1/lib/commands/server.rb:39
    D:/ruby/ruby/lib/ruby/site_ruby/1.8/rubygems/custom_require.rb:27:in `gem_original_require'
    D:/ruby/ruby/lib/ruby/site_ruby/1.8/rubygems/custom_require.rb:27:in `require'
    script/server:3

Rendering D:/ruby/ruby/lib/ruby/gems/1.8/gems/actionpack-2.1.1/lib/action_controller/templates/rescues/layout.erb (internal_server_error)


Processing HomeController#index (for 127.0.0.1 at 2008-10-14 09:25:53) [POST]
  Session ID: 1bb7e0d17f174dcd67f9332876343d83
  Parameters: {"xn_sig_expires"=>"0", "xn_sig_session_key"=>"LzX6rKdOokqa/ToRyqZ1qnuGxvhk/V0Mu5Dq6FdBMjd1C7a3lIwHOvcIpnjraHzq-229615263", "xn_sig_user"=>"229615263", "xn_sig_method"=>"get", "xn_sig_time"=>"1223947553325", "action"=>"index", "controller"=>"home", "xn_sig_api_key"=>"8528a4a80ceb4febb3df66cb4d8f1f14", "xn_sig_in_iframe"=>"0", "xn_sig_app_id"=>"16966", "xn_sig_added"=>"1"}
Rendering template within layouts/application
Rendering home/index
Completed in 2.37500 (0 reqs/sec) | Rendering: 0.28300 (11%) | DB: 0.87400 (36%) | 200 OK [http://61.172.255.117/]


Processing HomeController#index (for 127.0.0.1 at 2008-10-14 09:26:19) [POST]
  Session ID: 77c7a26399424ca0cafac91f4032197f
  Parameters: {"xn_sig_expires"=>"0", "xn_sig_session_key"=>"LzX6rKdOokqa/ToRyqZ1qnuGxvhk/V0Mu5Dq6FdBMjd1C7a3lIwHOvcIpnjraHzq-229615263", "xn_sig_user"=>"229615263", "xn_sig_method"=>"get", "xn_sig_time"=>"1223947578612", "action"=>"index", "controller"=>"home", "xn_sig_api_key"=>"8528a4a80ceb4febb3df66cb4d8f1f14", "xn_sig_in_iframe"=>"0", "xn_sig_app_id"=>"16966", "xn_sig_added"=>"1"}
Rendering template within layouts/application
Rendering home/index
Completed in 0.12500 (8 reqs/sec) | Rendering: 0.01600 (12%) | DB: 0.06300 (50%) | 200 OK [http://61.172.255.117/]


Processing ApplicationController#index (for 127.0.0.1 at 2008-10-14 09:27:08) [GET]
  Session ID: BAh7BiIKZmxhc2hJQzonQWN0aW9uQ29udHJvbGxlcjo6Rmxhc2g6OkZsYXNo
SGFzaHsABjoKQHVzZWR7AA==--85a28862128bf67fa5f7e16b0d7b5c204eebcd08
  Parameters: {}


ActionController::RoutingError (No route matches "/asdfasdf" with {:canvas=>false, :method=>:get}):
    D:/ruby/ruby/lib/ruby/gems/1.8/gems/actionpack-2.1.1/lib/action_controller/routing/recognition_optimisation.rb:67:in `recognize_path'
    D:/ruby/ruby/lib/ruby/gems/1.8/gems/actionpack-2.1.1/lib/action_controller/routing/route_set.rb:384:in `recognize'
    D:/ruby/ruby/lib/ruby/gems/1.8/gems/actionpack-2.1.1/lib/action_controller/dispatcher.rb:148:in `handle_request'
    D:/ruby/ruby/lib/ruby/gems/1.8/gems/actionpack-2.1.1/lib/action_controller/dispatcher.rb:107:in `dispatch'
    D:/ruby/ruby/lib/ruby/gems/1.8/gems/actionpack-2.1.1/lib/action_controller/dispatcher.rb:104:in `synchronize'
    D:/ruby/ruby/lib/ruby/gems/1.8/gems/actionpack-2.1.1/lib/action_controller/dispatcher.rb:104:in `dispatch'
    D:/ruby/ruby/lib/ruby/gems/1.8/gems/actionpack-2.1.1/lib/action_controller/dispatcher.rb:120:in `dispatch_cgi'
    D:/ruby/ruby/lib/ruby/gems/1.8/gems/actionpack-2.1.1/lib/action_controller/dispatcher.rb:35:in `dispatch'
    D:/ruby/ruby/lib/ruby/gems/1.8/gems/mongrel-1.1.2-x86-mswin32/bin/../lib/mongrel/rails.rb:76:in `process'
    D:/ruby/ruby/lib/ruby/gems/1.8/gems/mongrel-1.1.2-x86-mswin32/bin/../lib/mongrel/rails.rb:74:in `synchronize'
    D:/ruby/ruby/lib/ruby/gems/1.8/gems/mongrel-1.1.2-x86-mswin32/bin/../lib/mongrel/rails.rb:74:in `process'
    D:/ruby/ruby/lib/ruby/gems/1.8/gems/mongrel-1.1.2-x86-mswin32/lib/mongrel.rb:159:in `process_client'
    D:/ruby/ruby/lib/ruby/gems/1.8/gems/mongrel-1.1.2-x86-mswin32/lib/mongrel.rb:158:in `each'
    D:/ruby/ruby/lib/ruby/gems/1.8/gems/mongrel-1.1.2-x86-mswin32/lib/mongrel.rb:158:in `process_client'
    D:/ruby/ruby/lib/ruby/gems/1.8/gems/mongrel-1.1.2-x86-mswin32/lib/mongrel.rb:285:in `run'
    D:/ruby/ruby/lib/ruby/gems/1.8/gems/mongrel-1.1.2-x86-mswin32/lib/mongrel.rb:285:in `initialize'
    D:/ruby/ruby/lib/ruby/gems/1.8/gems/mongrel-1.1.2-x86-mswin32/lib/mongrel.rb:285:in `new'
    D:/ruby/ruby/lib/ruby/gems/1.8/gems/mongrel-1.1.2-x86-mswin32/lib/mongrel.rb:285:in `run'
    D:/ruby/ruby/lib/ruby/gems/1.8/gems/mongrel-1.1.2-x86-mswin32/lib/mongrel.rb:268:in `initialize'
    D:/ruby/ruby/lib/ruby/gems/1.8/gems/mongrel-1.1.2-x86-mswin32/lib/mongrel.rb:268:in `new'
    D:/ruby/ruby/lib/ruby/gems/1.8/gems/mongrel-1.1.2-x86-mswin32/lib/mongrel.rb:268:in `run'
    D:/ruby/ruby/lib/ruby/gems/1.8/gems/mongrel-1.1.2-x86-mswin32/lib/mongrel/configurator.rb:282:in `run'
    D:/ruby/ruby/lib/ruby/gems/1.8/gems/mongrel-1.1.2-x86-mswin32/lib/mongrel/configurator.rb:281:in `each'
    D:/ruby/ruby/lib/ruby/gems/1.8/gems/mongrel-1.1.2-x86-mswin32/lib/mongrel/configurator.rb:281:in `run'
    D:/ruby/ruby/lib/ruby/gems/1.8/gems/mongrel-1.1.2-x86-mswin32/bin/mongrel_rails:128:in `run'
    D:/ruby/ruby/lib/ruby/gems/1.8/gems/mongrel-1.1.2-x86-mswin32/lib/mongrel/command.rb:212:in `run'
    D:/ruby/ruby/lib/ruby/gems/1.8/gems/mongrel-1.1.2-x86-mswin32/bin/mongrel_rails:281
    D:/ruby/ruby/lib/ruby/gems/1.8/gems/activesupport-2.1.1/lib/active_support/dependencies.rb:503:in `load'
    D:/ruby/ruby/lib/ruby/gems/1.8/gems/activesupport-2.1.1/lib/active_support/dependencies.rb:503:in `load'
    D:/ruby/ruby/lib/ruby/gems/1.8/gems/activesupport-2.1.1/lib/active_support/dependencies.rb:355:in `new_constants_in'
    D:/ruby/ruby/lib/ruby/gems/1.8/gems/activesupport-2.1.1/lib/active_support/dependencies.rb:503:in `load'
    D:/ruby/ruby/lib/ruby/gems/1.8/gems/rails-2.1.1/lib/commands/servers/mongrel.rb:64
    D:/ruby/ruby/lib/ruby/site_ruby/1.8/rubygems/custom_require.rb:27:in `gem_original_require'
    D:/ruby/ruby/lib/ruby/site_ruby/1.8/rubygems/custom_require.rb:27:in `require'
    D:/ruby/ruby/lib/ruby/gems/1.8/gems/activesupport-2.1.1/lib/active_support/dependencies.rb:510:in `require'
    D:/ruby/ruby/lib/ruby/gems/1.8/gems/activesupport-2.1.1/lib/active_support/dependencies.rb:355:in `new_constants_in'
    D:/ruby/ruby/lib/ruby/gems/1.8/gems/activesupport-2.1.1/lib/active_support/dependencies.rb:510:in `require'
    D:/ruby/ruby/lib/ruby/gems/1.8/gems/rails-2.1.1/lib/commands/server.rb:39
    D:/ruby/ruby/lib/ruby/site_ruby/1.8/rubygems/custom_require.rb:27:in `gem_original_require'
    D:/ruby/ruby/lib/ruby/site_ruby/1.8/rubygems/custom_require.rb:27:in `require'
    script/server:3

Rendering D:/ruby/ruby/lib/ruby/gems/1.8/gems/actionpack-2.1.1/lib/action_controller/templates/rescues/layout.erb (not_found)


Processing HomeController#index (for 127.0.0.1 at 2008-10-14 09:28:01) [POST]
  Session ID: da64f093d751b1d685144894ceb768dd
  Parameters: {"xn_sig_expires"=>"0", "xn_sig_session_key"=>"LzX6rKdOokqa/ToRyqZ1qnuGxvhk/V0Mu5Dq6FdBMjd1C7a3lIwHOvcIpnjraHzq-229615263", "xn_sig_user"=>"229615263", "xn_sig_method"=>"get", "xn_sig_time"=>"1223947681302", "action"=>"index", "controller"=>"home", "xn_sig_api_key"=>"8528a4a80ceb4febb3df66cb4d8f1f14", "xn_sig_in_iframe"=>"0", "xn_sig_app_id"=>"16966", "xn_sig_added"=>"1"}
Rendering template within layouts/application
Rendering home/index
Completed in 0.23500 (4 reqs/sec) | Rendering: 0.00000 (0%) | DB: 0.06200 (26%) | 200 OK [http://61.172.255.117/]


Processing HomeController#index (for 127.0.0.1 at 2008-10-14 09:31:57) [GET]
  Session ID: BAh7BiIKZmxhc2hJQzonQWN0aW9uQ29udHJvbGxlcjo6Rmxhc2g6OkZsYXNo
SGFzaHsABjoKQHVzZWR7AA==--85a28862128bf67fa5f7e16b0d7b5c204eebcd08
  Parameters: {"action"=>"index", "controller"=>"home"}


NoMethodError (undefined method `user' for nil:NilClass):
    /app/controllers/application.rb:28:in `set_current_user'
    D:/ruby/ruby/lib/ruby/gems/1.8/gems/activesupport-2.1.1/lib/active_support/callbacks.rb:173:in `send'
    D:/ruby/ruby/lib/ruby/gems/1.8/gems/activesupport-2.1.1/lib/active_support/callbacks.rb:173:in `evaluate_method'
    D:/ruby/ruby/lib/ruby/gems/1.8/gems/activesupport-2.1.1/lib/active_support/callbacks.rb:161:in `call'
    D:/ruby/ruby/lib/ruby/gems/1.8/gems/actionpack-2.1.1/lib/action_controller/filters.rb:191:in `call'
    D:/ruby/ruby/lib/ruby/gems/1.8/gems/actionpack-2.1.1/lib/action_controller/filters.rb:591:in `run_before_filters'
    D:/ruby/ruby/lib/ruby/gems/1.8/gems/actionpack-2.1.1/lib/action_controller/filters.rb:577:in `call_filters'
    D:/ruby/ruby/lib/ruby/gems/1.8/gems/actionpack-2.1.1/lib/action_controller/filters.rb:572:in `perform_action_without_benchmark'
    D:/ruby/ruby/lib/ruby/gems/1.8/gems/actionpack-2.1.1/lib/action_controller/benchmarking.rb:68:in `perform_action_without_rescue'
    D:/ruby/ruby/lib/ruby/1.8/benchmark.rb:293:in `measure'
    D:/ruby/ruby/lib/ruby/gems/1.8/gems/actionpack-2.1.1/lib/action_controller/benchmarking.rb:68:in `perform_action_without_rescue'
    D:/ruby/ruby/lib/ruby/gems/1.8/gems/actionpack-2.1.1/lib/action_controller/rescue.rb:201:in `perform_action_without_caching'
    D:/ruby/ruby/lib/ruby/gems/1.8/gems/actionpack-2.1.1/lib/action_controller/caching/sql_cache.rb:13:in `perform_action'
    D:/ruby/ruby/lib/ruby/gems/1.8/gems/activerecord-2.1.1/lib/active_record/connection_adapters/abstract/query_cache.rb:33:in `cache'
    D:/ruby/ruby/lib/ruby/gems/1.8/gems/activerecord-2.1.1/lib/active_record/query_cache.rb:8:in `cache'
    D:/ruby/ruby/lib/ruby/gems/1.8/gems/actionpack-2.1.1/lib/action_controller/caching/sql_cache.rb:12:in `perform_action'
    D:/ruby/ruby/lib/ruby/gems/1.8/gems/actionpack-2.1.1/lib/action_controller/base.rb:529:in `send'
    D:/ruby/ruby/lib/ruby/gems/1.8/gems/actionpack-2.1.1/lib/action_controller/base.rb:529:in `process_without_filters'
    D:/ruby/ruby/lib/ruby/gems/1.8/gems/actionpack-2.1.1/lib/action_controller/filters.rb:568:in `process_without_session_management_support'
    D:/ruby/ruby/lib/ruby/gems/1.8/gems/actionpack-2.1.1/lib/action_controller/session_management.rb:130:in `process'
    D:/ruby/ruby/lib/ruby/gems/1.8/gems/actionpack-2.1.1/lib/action_controller/base.rb:389:in `process'
    D:/ruby/ruby/lib/ruby/gems/1.8/gems/actionpack-2.1.1/lib/action_controller/dispatcher.rb:149:in `handle_request'
    D:/ruby/ruby/lib/ruby/gems/1.8/gems/actionpack-2.1.1/lib/action_controller/dispatcher.rb:107:in `dispatch'
    D:/ruby/ruby/lib/ruby/gems/1.8/gems/actionpack-2.1.1/lib/action_controller/dispatcher.rb:104:in `synchronize'
    D:/ruby/ruby/lib/ruby/gems/1.8/gems/actionpack-2.1.1/lib/action_controller/dispatcher.rb:104:in `dispatch'
    D:/ruby/ruby/lib/ruby/gems/1.8/gems/actionpack-2.1.1/lib/action_controller/dispatcher.rb:120:in `dispatch_cgi'
    D:/ruby/ruby/lib/ruby/gems/1.8/gems/actionpack-2.1.1/lib/action_controller/dispatcher.rb:35:in `dispatch'
    D:/ruby/ruby/lib/ruby/gems/1.8/gems/mongrel-1.1.2-x86-mswin32/bin/../lib/mongrel/rails.rb:76:in `process'
    D:/ruby/ruby/lib/ruby/gems/1.8/gems/mongrel-1.1.2-x86-mswin32/bin/../lib/mongrel/rails.rb:74:in `synchronize'
    D:/ruby/ruby/lib/ruby/gems/1.8/gems/mongrel-1.1.2-x86-mswin32/bin/../lib/mongrel/rails.rb:74:in `process'
    D:/ruby/ruby/lib/ruby/gems/1.8/gems/mongrel-1.1.2-x86-mswin32/lib/mongrel.rb:159:in `process_client'
    D:/ruby/ruby/lib/ruby/gems/1.8/gems/mongrel-1.1.2-x86-mswin32/lib/mongrel.rb:158:in `each'
    D:/ruby/ruby/lib/ruby/gems/1.8/gems/mongrel-1.1.2-x86-mswin32/lib/mongrel.rb:158:in `process_client'
    D:/ruby/ruby/lib/ruby/gems/1.8/gems/mongrel-1.1.2-x86-mswin32/lib/mongrel.rb:285:in `run'
    D:/ruby/ruby/lib/ruby/gems/1.8/gems/mongrel-1.1.2-x86-mswin32/lib/mongrel.rb:285:in `initialize'
    D:/ruby/ruby/lib/ruby/gems/1.8/gems/mongrel-1.1.2-x86-mswin32/lib/mongrel.rb:285:in `new'
    D:/ruby/ruby/lib/ruby/gems/1.8/gems/mongrel-1.1.2-x86-mswin32/lib/mongrel.rb:285:in `run'
    D:/ruby/ruby/lib/ruby/gems/1.8/gems/mongrel-1.1.2-x86-mswin32/lib/mongrel.rb:268:in `initialize'
    D:/ruby/ruby/lib/ruby/gems/1.8/gems/mongrel-1.1.2-x86-mswin32/lib/mongrel.rb:268:in `new'
    D:/ruby/ruby/lib/ruby/gems/1.8/gems/mongrel-1.1.2-x86-mswin32/lib/mongrel.rb:268:in `run'
    D:/ruby/ruby/lib/ruby/gems/1.8/gems/mongrel-1.1.2-x86-mswin32/lib/mongrel/configurator.rb:282:in `run'
    D:/ruby/ruby/lib/ruby/gems/1.8/gems/mongrel-1.1.2-x86-mswin32/lib/mongrel/configurator.rb:281:in `each'
    D:/ruby/ruby/lib/ruby/gems/1.8/gems/mongrel-1.1.2-x86-mswin32/lib/mongrel/configurator.rb:281:in `run'
    D:/ruby/ruby/lib/ruby/gems/1.8/gems/mongrel-1.1.2-x86-mswin32/bin/mongrel_rails:128:in `run'
    D:/ruby/ruby/lib/ruby/gems/1.8/gems/mongrel-1.1.2-x86-mswin32/lib/mongrel/command.rb:212:in `run'
    D:/ruby/ruby/lib/ruby/gems/1.8/gems/mongrel-1.1.2-x86-mswin32/bin/mongrel_rails:281
    D:/ruby/ruby/lib/ruby/gems/1.8/gems/activesupport-2.1.1/lib/active_support/dependencies.rb:503:in `load'
    D:/ruby/ruby/lib/ruby/gems/1.8/gems/activesupport-2.1.1/lib/active_support/dependencies.rb:503:in `load'
    D:/ruby/ruby/lib/ruby/gems/1.8/gems/activesupport-2.1.1/lib/active_support/dependencies.rb:355:in `new_constants_in'
    D:/ruby/ruby/lib/ruby/gems/1.8/gems/activesupport-2.1.1/lib/active_support/dependencies.rb:503:in `load'
    D:/ruby/ruby/lib/ruby/gems/1.8/gems/rails-2.1.1/lib/commands/servers/mongrel.rb:64
    D:/ruby/ruby/lib/ruby/site_ruby/1.8/rubygems/custom_require.rb:27:in `gem_original_require'
    D:/ruby/ruby/lib/ruby/site_ruby/1.8/rubygems/custom_require.rb:27:in `require'
    D:/ruby/ruby/lib/ruby/gems/1.8/gems/activesupport-2.1.1/lib/active_support/dependencies.rb:510:in `require'
    D:/ruby/ruby/lib/ruby/gems/1.8/gems/activesupport-2.1.1/lib/active_support/dependencies.rb:355:in `new_constants_in'
    D:/ruby/ruby/lib/ruby/gems/1.8/gems/activesupport-2.1.1/lib/active_support/dependencies.rb:510:in `require'
    D:/ruby/ruby/lib/ruby/gems/1.8/gems/rails-2.1.1/lib/commands/server.rb:39
    D:/ruby/ruby/lib/ruby/site_ruby/1.8/rubygems/custom_require.rb:27:in `gem_original_require'
    D:/ruby/ruby/lib/ruby/site_ruby/1.8/rubygems/custom_require.rb:27:in `require'
    script/server:3

Rendering D:/ruby/ruby/lib/ruby/gems/1.8/gems/actionpack-2.1.1/lib/action_controller/templates/rescues/layout.erb (internal_server_error)


Processing HomeController#index (for 127.0.0.1 at 2008-10-14 09:32:02) [POST]
  Session ID: 8a93907e746f84310c724d02b8b1205c
  Parameters: {"xn_sig_expires"=>"0", "xn_sig_session_key"=>"LzX6rKdOokqa/ToRyqZ1qnuGxvhk/V0Mu5Dq6FdBMjd1C7a3lIwHOvcIpnjraHzq-229615263", "xn_sig_user"=>"229615263", "xn_sig_method"=>"get", "xn_sig_time"=>"1223947922059", "action"=>"index", "controller"=>"home", "xn_sig_api_key"=>"8528a4a80ceb4febb3df66cb4d8f1f14", "xn_sig_in_iframe"=>"0", "xn_sig_app_id"=>"16966", "xn_sig_added"=>"1"}
Rendering template within layouts/application
Rendering home/index
Completed in 0.89100 (1 reqs/sec) | Rendering: 0.12500 (14%) | DB: 0.09300 (10%) | 200 OK [http://61.172.255.117/]


Processing HomeController#index (for 127.0.0.1 at 2008-10-14 09:32:59) [GET]
  Session ID: BAh7BiIKZmxhc2hJQzonQWN0aW9uQ29udHJvbGxlcjo6Rmxhc2g6OkZsYXNo
SGFzaHsABjoKQHVzZWR7AA==--85a28862128bf67fa5f7e16b0d7b5c204eebcd08
  Parameters: {"action"=>"index", "controller"=>"home"}


NoMethodError (undefined method `set_current_user2' for #<HomeController:0x478f09c>):
    D:/ruby/ruby/lib/ruby/gems/1.8/gems/activesupport-2.1.1/lib/active_support/callbacks.rb:173:in `send'
    D:/ruby/ruby/lib/ruby/gems/1.8/gems/activesupport-2.1.1/lib/active_support/callbacks.rb:173:in `evaluate_method'
    D:/ruby/ruby/lib/ruby/gems/1.8/gems/activesupport-2.1.1/lib/active_support/callbacks.rb:161:in `call'
    D:/ruby/ruby/lib/ruby/gems/1.8/gems/actionpack-2.1.1/lib/action_controller/filters.rb:191:in `call'
    D:/ruby/ruby/lib/ruby/gems/1.8/gems/actionpack-2.1.1/lib/action_controller/filters.rb:591:in `run_before_filters'
    D:/ruby/ruby/lib/ruby/gems/1.8/gems/actionpack-2.1.1/lib/action_controller/filters.rb:577:in `call_filters'
    D:/ruby/ruby/lib/ruby/gems/1.8/gems/actionpack-2.1.1/lib/action_controller/filters.rb:572:in `perform_action_without_benchmark'
    D:/ruby/ruby/lib/ruby/gems/1.8/gems/actionpack-2.1.1/lib/action_controller/benchmarking.rb:68:in `perform_action_without_rescue'
    D:/ruby/ruby/lib/ruby/1.8/benchmark.rb:293:in `measure'
    D:/ruby/ruby/lib/ruby/gems/1.8/gems/actionpack-2.1.1/lib/action_controller/benchmarking.rb:68:in `perform_action_without_rescue'
    D:/ruby/ruby/lib/ruby/gems/1.8/gems/actionpack-2.1.1/lib/action_controller/rescue.rb:201:in `perform_action_without_caching'
    D:/ruby/ruby/lib/ruby/gems/1.8/gems/actionpack-2.1.1/lib/action_controller/caching/sql_cache.rb:13:in `perform_action'
    D:/ruby/ruby/lib/ruby/gems/1.8/gems/activerecord-2.1.1/lib/active_record/connection_adapters/abstract/query_cache.rb:33:in `cache'
    D:/ruby/ruby/lib/ruby/gems/1.8/gems/activerecord-2.1.1/lib/active_record/query_cache.rb:8:in `cache'
    D:/ruby/ruby/lib/ruby/gems/1.8/gems/actionpack-2.1.1/lib/action_controller/caching/sql_cache.rb:12:in `perform_action'
    D:/ruby/ruby/lib/ruby/gems/1.8/gems/actionpack-2.1.1/lib/action_controller/base.rb:529:in `send'
    D:/ruby/ruby/lib/ruby/gems/1.8/gems/actionpack-2.1.1/lib/action_controller/base.rb:529:in `process_without_filters'
    D:/ruby/ruby/lib/ruby/gems/1.8/gems/actionpack-2.1.1/lib/action_controller/filters.rb:568:in `process_without_session_management_support'
    D:/ruby/ruby/lib/ruby/gems/1.8/gems/actionpack-2.1.1/lib/action_controller/session_management.rb:130:in `process'
    D:/ruby/ruby/lib/ruby/gems/1.8/gems/actionpack-2.1.1/lib/action_controller/base.rb:389:in `process'
    D:/ruby/ruby/lib/ruby/gems/1.8/gems/actionpack-2.1.1/lib/action_controller/dispatcher.rb:149:in `handle_request'
    D:/ruby/ruby/lib/ruby/gems/1.8/gems/actionpack-2.1.1/lib/action_controller/dispatcher.rb:107:in `dispatch'
    D:/ruby/ruby/lib/ruby/gems/1.8/gems/actionpack-2.1.1/lib/action_controller/dispatcher.rb:104:in `synchronize'
    D:/ruby/ruby/lib/ruby/gems/1.8/gems/actionpack-2.1.1/lib/action_controller/dispatcher.rb:104:in `dispatch'
    D:/ruby/ruby/lib/ruby/gems/1.8/gems/actionpack-2.1.1/lib/action_controller/dispatcher.rb:120:in `dispatch_cgi'
    D:/ruby/ruby/lib/ruby/gems/1.8/gems/actionpack-2.1.1/lib/action_controller/dispatcher.rb:35:in `dispatch'
    D:/ruby/ruby/lib/ruby/gems/1.8/gems/mongrel-1.1.2-x86-mswin32/bin/../lib/mongrel/rails.rb:76:in `process'
    D:/ruby/ruby/lib/ruby/gems/1.8/gems/mongrel-1.1.2-x86-mswin32/bin/../lib/mongrel/rails.rb:74:in `synchronize'
    D:/ruby/ruby/lib/ruby/gems/1.8/gems/mongrel-1.1.2-x86-mswin32/bin/../lib/mongrel/rails.rb:74:in `process'
    D:/ruby/ruby/lib/ruby/gems/1.8/gems/mongrel-1.1.2-x86-mswin32/lib/mongrel.rb:159:in `process_client'
    D:/ruby/ruby/lib/ruby/gems/1.8/gems/mongrel-1.1.2-x86-mswin32/lib/mongrel.rb:158:in `each'
    D:/ruby/ruby/lib/ruby/gems/1.8/gems/mongrel-1.1.2-x86-mswin32/lib/mongrel.rb:158:in `process_client'
    D:/ruby/ruby/lib/ruby/gems/1.8/gems/mongrel-1.1.2-x86-mswin32/lib/mongrel.rb:285:in `run'
    D:/ruby/ruby/lib/ruby/gems/1.8/gems/mongrel-1.1.2-x86-mswin32/lib/mongrel.rb:285:in `initialize'
    D:/ruby/ruby/lib/ruby/gems/1.8/gems/mongrel-1.1.2-x86-mswin32/lib/mongrel.rb:285:in `new'
    D:/ruby/ruby/lib/ruby/gems/1.8/gems/mongrel-1.1.2-x86-mswin32/lib/mongrel.rb:285:in `run'
    D:/ruby/ruby/lib/ruby/gems/1.8/gems/mongrel-1.1.2-x86-mswin32/lib/mongrel.rb:268:in `initialize'
    D:/ruby/ruby/lib/ruby/gems/1.8/gems/mongrel-1.1.2-x86-mswin32/lib/mongrel.rb:268:in `new'
    D:/ruby/ruby/lib/ruby/gems/1.8/gems/mongrel-1.1.2-x86-mswin32/lib/mongrel.rb:268:in `run'
    D:/ruby/ruby/lib/ruby/gems/1.8/gems/mongrel-1.1.2-x86-mswin32/lib/mongrel/configurator.rb:282:in `run'
    D:/ruby/ruby/lib/ruby/gems/1.8/gems/mongrel-1.1.2-x86-mswin32/lib/mongrel/configurator.rb:281:in `each'
    D:/ruby/ruby/lib/ruby/gems/1.8/gems/mongrel-1.1.2-x86-mswin32/lib/mongrel/configurator.rb:281:in `run'
    D:/ruby/ruby/lib/ruby/gems/1.8/gems/mongrel-1.1.2-x86-mswin32/bin/mongrel_rails:128:in `run'
    D:/ruby/ruby/lib/ruby/gems/1.8/gems/mongrel-1.1.2-x86-mswin32/lib/mongrel/command.rb:212:in `run'
    D:/ruby/ruby/lib/ruby/gems/1.8/gems/mongrel-1.1.2-x86-mswin32/bin/mongrel_rails:281
    D:/ruby/ruby/lib/ruby/gems/1.8/gems/activesupport-2.1.1/lib/active_support/dependencies.rb:503:in `load'
    D:/ruby/ruby/lib/ruby/gems/1.8/gems/activesupport-2.1.1/lib/active_support/dependencies.rb:503:in `load'
    D:/ruby/ruby/lib/ruby/gems/1.8/gems/activesupport-2.1.1/lib/active_support/dependencies.rb:355:in `new_constants_in'
    D:/ruby/ruby/lib/ruby/gems/1.8/gems/activesupport-2.1.1/lib/active_support/dependencies.rb:503:in `load'
    D:/ruby/ruby/lib/ruby/gems/1.8/gems/rails-2.1.1/lib/commands/servers/mongrel.rb:64
    D:/ruby/ruby/lib/ruby/site_ruby/1.8/rubygems/custom_require.rb:27:in `gem_original_require'
    D:/ruby/ruby/lib/ruby/site_ruby/1.8/rubygems/custom_require.rb:27:in `require'
    D:/ruby/ruby/lib/ruby/gems/1.8/gems/activesupport-2.1.1/lib/active_support/dependencies.rb:510:in `require'
    D:/ruby/ruby/lib/ruby/gems/1.8/gems/activesupport-2.1.1/lib/active_support/dependencies.rb:355:in `new_constants_in'
    D:/ruby/ruby/lib/ruby/gems/1.8/gems/activesupport-2.1.1/lib/active_support/dependencies.rb:510:in `require'
    D:/ruby/ruby/lib/ruby/gems/1.8/gems/rails-2.1.1/lib/commands/server.rb:39
    D:/ruby/ruby/lib/ruby/site_ruby/1.8/rubygems/custom_require.rb:27:in `gem_original_require'
    D:/ruby/ruby/lib/ruby/site_ruby/1.8/rubygems/custom_require.rb:27:in `require'
    script/server:3

Rendering D:/ruby/ruby/lib/ruby/gems/1.8/gems/actionpack-2.1.1/lib/action_controller/templates/rescues/layout.erb (internal_server_error)


Processing HomeController#index (for 127.0.0.1 at 2008-10-14 09:33:05) [POST]
  Session ID: b91c936d69570a7aad7a29173aa4dc9e
  Parameters: {"xn_sig_expires"=>"0", "xn_sig_session_key"=>"LzX6rKdOokqa/ToRyqZ1qnuGxvhk/V0Mu5Dq6FdBMjd1C7a3lIwHOvcIpnjraHzq-229615263", "xn_sig_user"=>"229615263", "xn_sig_method"=>"get", "xn_sig_time"=>"1223947985432", "action"=>"index", "controller"=>"home", "xn_sig_api_key"=>"8528a4a80ceb4febb3df66cb4d8f1f14", "xn_sig_in_iframe"=>"0", "xn_sig_app_id"=>"16966", "xn_sig_added"=>"1"}


NoMethodError (undefined method `set_current_user2' for #<HomeController:0x46c02c4>):
    D:/ruby/ruby/lib/ruby/gems/1.8/gems/activesupport-2.1.1/lib/active_support/callbacks.rb:173:in `send'
    D:/ruby/ruby/lib/ruby/gems/1.8/gems/activesupport-2.1.1/lib/active_support/callbacks.rb:173:in `evaluate_method'
    D:/ruby/ruby/lib/ruby/gems/1.8/gems/activesupport-2.1.1/lib/active_support/callbacks.rb:161:in `call'
    D:/ruby/ruby/lib/ruby/gems/1.8/gems/actionpack-2.1.1/lib/action_controller/filters.rb:191:in `call'
    D:/ruby/ruby/lib/ruby/gems/1.8/gems/actionpack-2.1.1/lib/action_controller/filters.rb:591:in `run_before_filters'
    D:/ruby/ruby/lib/ruby/gems/1.8/gems/actionpack-2.1.1/lib/action_controller/filters.rb:577:in `call_filters'
    D:/ruby/ruby/lib/ruby/gems/1.8/gems/actionpack-2.1.1/lib/action_controller/filters.rb:572:in `perform_action_without_benchmark'
    D:/ruby/ruby/lib/ruby/gems/1.8/gems/actionpack-2.1.1/lib/action_controller/benchmarking.rb:68:in `perform_action_without_rescue'
    D:/ruby/ruby/lib/ruby/1.8/benchmark.rb:293:in `measure'
    D:/ruby/ruby/lib/ruby/gems/1.8/gems/actionpack-2.1.1/lib/action_controller/benchmarking.rb:68:in `perform_action_without_rescue'
    D:/ruby/ruby/lib/ruby/gems/1.8/gems/actionpack-2.1.1/lib/action_controller/rescue.rb:201:in `perform_action_without_caching'
    D:/ruby/ruby/lib/ruby/gems/1.8/gems/actionpack-2.1.1/lib/action_controller/caching/sql_cache.rb:13:in `perform_action'
    D:/ruby/ruby/lib/ruby/gems/1.8/gems/activerecord-2.1.1/lib/active_record/connection_adapters/abstract/query_cache.rb:33:in `cache'
    D:/ruby/ruby/lib/ruby/gems/1.8/gems/activerecord-2.1.1/lib/active_record/query_cache.rb:8:in `cache'
    D:/ruby/ruby/lib/ruby/gems/1.8/gems/actionpack-2.1.1/lib/action_controller/caching/sql_cache.rb:12:in `perform_action'
    D:/ruby/ruby/lib/ruby/gems/1.8/gems/actionpack-2.1.1/lib/action_controller/base.rb:529:in `send'
    D:/ruby/ruby/lib/ruby/gems/1.8/gems/actionpack-2.1.1/lib/action_controller/base.rb:529:in `process_without_filters'
    D:/ruby/ruby/lib/ruby/gems/1.8/gems/actionpack-2.1.1/lib/action_controller/filters.rb:568:in `process_without_session_management_support'
    D:/ruby/ruby/lib/ruby/gems/1.8/gems/actionpack-2.1.1/lib/action_controller/session_management.rb:130:in `process'
    D:/ruby/ruby/lib/ruby/gems/1.8/gems/actionpack-2.1.1/lib/action_controller/base.rb:389:in `process'
    D:/ruby/ruby/lib/ruby/gems/1.8/gems/actionpack-2.1.1/lib/action_controller/dispatcher.rb:149:in `handle_request'
    D:/ruby/ruby/lib/ruby/gems/1.8/gems/actionpack-2.1.1/lib/action_controller/dispatcher.rb:107:in `dispatch'
    D:/ruby/ruby/lib/ruby/gems/1.8/gems/actionpack-2.1.1/lib/action_controller/dispatcher.rb:104:in `synchronize'
    D:/ruby/ruby/lib/ruby/gems/1.8/gems/actionpack-2.1.1/lib/action_controller/dispatcher.rb:104:in `dispatch'
    D:/ruby/ruby/lib/ruby/gems/1.8/gems/actionpack-2.1.1/lib/action_controller/dispatcher.rb:120:in `dispatch_cgi'
    D:/ruby/ruby/lib/ruby/gems/1.8/gems/actionpack-2.1.1/lib/action_controller/dispatcher.rb:35:in `dispatch'
    D:/ruby/ruby/lib/ruby/gems/1.8/gems/mongrel-1.1.2-x86-mswin32/bin/../lib/mongrel/rails.rb:76:in `process'
    D:/ruby/ruby/lib/ruby/gems/1.8/gems/mongrel-1.1.2-x86-mswin32/bin/../lib/mongrel/rails.rb:74:in `synchronize'
    D:/ruby/ruby/lib/ruby/gems/1.8/gems/mongrel-1.1.2-x86-mswin32/bin/../lib/mongrel/rails.rb:74:in `process'
    D:/ruby/ruby/lib/ruby/gems/1.8/gems/mongrel-1.1.2-x86-mswin32/lib/mongrel.rb:159:in `process_client'
    D:/ruby/ruby/lib/ruby/gems/1.8/gems/mongrel-1.1.2-x86-mswin32/lib/mongrel.rb:158:in `each'
    D:/ruby/ruby/lib/ruby/gems/1.8/gems/mongrel-1.1.2-x86-mswin32/lib/mongrel.rb:158:in `process_client'
    D:/ruby/ruby/lib/ruby/gems/1.8/gems/mongrel-1.1.2-x86-mswin32/lib/mongrel.rb:285:in `run'
    D:/ruby/ruby/lib/ruby/gems/1.8/gems/mongrel-1.1.2-x86-mswin32/lib/mongrel.rb:285:in `initialize'
    D:/ruby/ruby/lib/ruby/gems/1.8/gems/mongrel-1.1.2-x86-mswin32/lib/mongrel.rb:285:in `new'
    D:/ruby/ruby/lib/ruby/gems/1.8/gems/mongrel-1.1.2-x86-mswin32/lib/mongrel.rb:285:in `run'
    D:/ruby/ruby/lib/ruby/gems/1.8/gems/mongrel-1.1.2-x86-mswin32/lib/mongrel.rb:268:in `initialize'
    D:/ruby/ruby/lib/ruby/gems/1.8/gems/mongrel-1.1.2-x86-mswin32/lib/mongrel.rb:268:in `new'
    D:/ruby/ruby/lib/ruby/gems/1.8/gems/mongrel-1.1.2-x86-mswin32/lib/mongrel.rb:268:in `run'
    D:/ruby/ruby/lib/ruby/gems/1.8/gems/mongrel-1.1.2-x86-mswin32/lib/mongrel/configurator.rb:282:in `run'
    D:/ruby/ruby/lib/ruby/gems/1.8/gems/mongrel-1.1.2-x86-mswin32/lib/mongrel/configurator.rb:281:in `each'
    D:/ruby/ruby/lib/ruby/gems/1.8/gems/mongrel-1.1.2-x86-mswin32/lib/mongrel/configurator.rb:281:in `run'
    D:/ruby/ruby/lib/ruby/gems/1.8/gems/mongrel-1.1.2-x86-mswin32/bin/mongrel_rails:128:in `run'
    D:/ruby/ruby/lib/ruby/gems/1.8/gems/mongrel-1.1.2-x86-mswin32/lib/mongrel/command.rb:212:in `run'
    D:/ruby/ruby/lib/ruby/gems/1.8/gems/mongrel-1.1.2-x86-mswin32/bin/mongrel_rails:281
    D:/ruby/ruby/lib/ruby/gems/1.8/gems/activesupport-2.1.1/lib/active_support/dependencies.rb:503:in `load'
    D:/ruby/ruby/lib/ruby/gems/1.8/gems/activesupport-2.1.1/lib/active_support/dependencies.rb:503:in `load'
    D:/ruby/ruby/lib/ruby/gems/1.8/gems/activesupport-2.1.1/lib/active_support/dependencies.rb:355:in `new_constants_in'
    D:/ruby/ruby/lib/ruby/gems/1.8/gems/activesupport-2.1.1/lib/active_support/dependencies.rb:503:in `load'
    D:/ruby/ruby/lib/ruby/gems/1.8/gems/rails-2.1.1/lib/commands/servers/mongrel.rb:64
    D:/ruby/ruby/lib/ruby/site_ruby/1.8/rubygems/custom_require.rb:27:in `gem_original_require'
    D:/ruby/ruby/lib/ruby/site_ruby/1.8/rubygems/custom_require.rb:27:in `require'
    D:/ruby/ruby/lib/ruby/gems/1.8/gems/activesupport-2.1.1/lib/active_support/dependencies.rb:510:in `require'
    D:/ruby/ruby/lib/ruby/gems/1.8/gems/activesupport-2.1.1/lib/active_support/dependencies.rb:355:in `new_constants_in'
    D:/ruby/ruby/lib/ruby/gems/1.8/gems/activesupport-2.1.1/lib/active_support/dependencies.rb:510:in `require'
    D:/ruby/ruby/lib/ruby/gems/1.8/gems/rails-2.1.1/lib/commands/server.rb:39
    D:/ruby/ruby/lib/ruby/site_ruby/1.8/rubygems/custom_require.rb:27:in `gem_original_require'
    D:/ruby/ruby/lib/ruby/site_ruby/1.8/rubygems/custom_require.rb:27:in `require'
    script/server:3

Rendering D:/ruby/ruby/lib/ruby/gems/1.8/gems/actionpack-2.1.1/lib/action_controller/templates/rescues/layout.erb (internal_server_error)


Processing HomeController#index (for 127.0.0.1 at 2008-10-14 09:33:19) [GET]
  Session ID: BAh7BiIKZmxhc2hJQzonQWN0aW9uQ29udHJvbGxlcjo6Rmxhc2g6OkZsYXNo
SGFzaHsABjoKQHVzZWR7AA==--85a28862128bf67fa5f7e16b0d7b5c204eebcd08
  Parameters: {"action"=>"index", "controller"=>"home"}


NoMethodError (undefined method `set_current_user2' for #<HomeController:0x49884d4>):
    D:/ruby/ruby/lib/ruby/gems/1.8/gems/activesupport-2.1.1/lib/active_support/callbacks.rb:173:in `send'
    D:/ruby/ruby/lib/ruby/gems/1.8/gems/activesupport-2.1.1/lib/active_support/callbacks.rb:173:in `evaluate_method'
    D:/ruby/ruby/lib/ruby/gems/1.8/gems/activesupport-2.1.1/lib/active_support/callbacks.rb:161:in `call'
    D:/ruby/ruby/lib/ruby/gems/1.8/gems/actionpack-2.1.1/lib/action_controller/filters.rb:191:in `call'
    D:/ruby/ruby/lib/ruby/gems/1.8/gems/actionpack-2.1.1/lib/action_controller/filters.rb:591:in `run_before_filters'
    D:/ruby/ruby/lib/ruby/gems/1.8/gems/actionpack-2.1.1/lib/action_controller/filters.rb:577:in `call_filters'
    D:/ruby/ruby/lib/ruby/gems/1.8/gems/actionpack-2.1.1/lib/action_controller/filters.rb:572:in `perform_action_without_benchmark'
    D:/ruby/ruby/lib/ruby/gems/1.8/gems/actionpack-2.1.1/lib/action_controller/benchmarking.rb:68:in `perform_action_without_rescue'
    D:/ruby/ruby/lib/ruby/1.8/benchmark.rb:293:in `measure'
    D:/ruby/ruby/lib/ruby/gems/1.8/gems/actionpack-2.1.1/lib/action_controller/benchmarking.rb:68:in `perform_action_without_rescue'
    D:/ruby/ruby/lib/ruby/gems/1.8/gems/actionpack-2.1.1/lib/action_controller/rescue.rb:201:in `perform_action_without_caching'
    D:/ruby/ruby/lib/ruby/gems/1.8/gems/actionpack-2.1.1/lib/action_controller/caching/sql_cache.rb:13:in `perform_action'
    D:/ruby/ruby/lib/ruby/gems/1.8/gems/activerecord-2.1.1/lib/active_record/connection_adapters/abstract/query_cache.rb:33:in `cache'
    D:/ruby/ruby/lib/ruby/gems/1.8/gems/activerecord-2.1.1/lib/active_record/query_cache.rb:8:in `cache'
    D:/ruby/ruby/lib/ruby/gems/1.8/gems/actionpack-2.1.1/lib/action_controller/caching/sql_cache.rb:12:in `perform_action'
    D:/ruby/ruby/lib/ruby/gems/1.8/gems/actionpack-2.1.1/lib/action_controller/base.rb:529:in `send'
    D:/ruby/ruby/lib/ruby/gems/1.8/gems/actionpack-2.1.1/lib/action_controller/base.rb:529:in `process_without_filters'
    D:/ruby/ruby/lib/ruby/gems/1.8/gems/actionpack-2.1.1/lib/action_controller/filters.rb:568:in `process_without_session_management_support'
    D:/ruby/ruby/lib/ruby/gems/1.8/gems/actionpack-2.1.1/lib/action_controller/session_management.rb:130:in `process'
    D:/ruby/ruby/lib/ruby/gems/1.8/gems/actionpack-2.1.1/lib/action_controller/base.rb:389:in `process'
    D:/ruby/ruby/lib/ruby/gems/1.8/gems/actionpack-2.1.1/lib/action_controller/dispatcher.rb:149:in `handle_request'
    D:/ruby/ruby/lib/ruby/gems/1.8/gems/actionpack-2.1.1/lib/action_controller/dispatcher.rb:107:in `dispatch'
    D:/ruby/ruby/lib/ruby/gems/1.8/gems/actionpack-2.1.1/lib/action_controller/dispatcher.rb:104:in `synchronize'
    D:/ruby/ruby/lib/ruby/gems/1.8/gems/actionpack-2.1.1/lib/action_controller/dispatcher.rb:104:in `dispatch'
    D:/ruby/ruby/lib/ruby/gems/1.8/gems/actionpack-2.1.1/lib/action_controller/dispatcher.rb:120:in `dispatch_cgi'
    D:/ruby/ruby/lib/ruby/gems/1.8/gems/actionpack-2.1.1/lib/action_controller/dispatcher.rb:35:in `dispatch'
    D:/ruby/ruby/lib/ruby/gems/1.8/gems/mongrel-1.1.2-x86-mswin32/bin/../lib/mongrel/rails.rb:76:in `process'
    D:/ruby/ruby/lib/ruby/gems/1.8/gems/mongrel-1.1.2-x86-mswin32/bin/../lib/mongrel/rails.rb:74:in `synchronize'
    D:/ruby/ruby/lib/ruby/gems/1.8/gems/mongrel-1.1.2-x86-mswin32/bin/../lib/mongrel/rails.rb:74:in `process'
    D:/ruby/ruby/lib/ruby/gems/1.8/gems/mongrel-1.1.2-x86-mswin32/lib/mongrel.rb:159:in `process_client'
    D:/ruby/ruby/lib/ruby/gems/1.8/gems/mongrel-1.1.2-x86-mswin32/lib/mongrel.rb:158:in `each'
    D:/ruby/ruby/lib/ruby/gems/1.8/gems/mongrel-1.1.2-x86-mswin32/lib/mongrel.rb:158:in `process_client'
    D:/ruby/ruby/lib/ruby/gems/1.8/gems/mongrel-1.1.2-x86-mswin32/lib/mongrel.rb:285:in `run'
    D:/ruby/ruby/lib/ruby/gems/1.8/gems/mongrel-1.1.2-x86-mswin32/lib/mongrel.rb:285:in `initialize'
    D:/ruby/ruby/lib/ruby/gems/1.8/gems/mongrel-1.1.2-x86-mswin32/lib/mongrel.rb:285:in `new'
    D:/ruby/ruby/lib/ruby/gems/1.8/gems/mongrel-1.1.2-x86-mswin32/lib/mongrel.rb:285:in `run'
    D:/ruby/ruby/lib/ruby/gems/1.8/gems/mongrel-1.1.2-x86-mswin32/lib/mongrel.rb:268:in `initialize'
    D:/ruby/ruby/lib/ruby/gems/1.8/gems/mongrel-1.1.2-x86-mswin32/lib/mongrel.rb:268:in `new'
    D:/ruby/ruby/lib/ruby/gems/1.8/gems/mongrel-1.1.2-x86-mswin32/lib/mongrel.rb:268:in `run'
    D:/ruby/ruby/lib/ruby/gems/1.8/gems/mongrel-1.1.2-x86-mswin32/lib/mongrel/configurator.rb:282:in `run'
    D:/ruby/ruby/lib/ruby/gems/1.8/gems/mongrel-1.1.2-x86-mswin32/lib/mongrel/configurator.rb:281:in `each'
    D:/ruby/ruby/lib/ruby/gems/1.8/gems/mongrel-1.1.2-x86-mswin32/lib/mongrel/configurator.rb:281:in `run'
    D:/ruby/ruby/lib/ruby/gems/1.8/gems/mongrel-1.1.2-x86-mswin32/bin/mongrel_rails:128:in `run'
    D:/ruby/ruby/lib/ruby/gems/1.8/gems/mongrel-1.1.2-x86-mswin32/lib/mongrel/command.rb:212:in `run'
    D:/ruby/ruby/lib/ruby/gems/1.8/gems/mongrel-1.1.2-x86-mswin32/bin/mongrel_rails:281
    D:/ruby/ruby/lib/ruby/gems/1.8/gems/activesupport-2.1.1/lib/active_support/dependencies.rb:503:in `load'
    D:/ruby/ruby/lib/ruby/gems/1.8/gems/activesupport-2.1.1/lib/active_support/dependencies.rb:503:in `load'
    D:/ruby/ruby/lib/ruby/gems/1.8/gems/activesupport-2.1.1/lib/active_support/dependencies.rb:355:in `new_constants_in'
    D:/ruby/ruby/lib/ruby/gems/1.8/gems/activesupport-2.1.1/lib/active_support/dependencies.rb:503:in `load'
    D:/ruby/ruby/lib/ruby/gems/1.8/gems/rails-2.1.1/lib/commands/servers/mongrel.rb:64
    D:/ruby/ruby/lib/ruby/site_ruby/1.8/rubygems/custom_require.rb:27:in `gem_original_require'
    D:/ruby/ruby/lib/ruby/site_ruby/1.8/rubygems/custom_require.rb:27:in `require'
    D:/ruby/ruby/lib/ruby/gems/1.8/gems/activesupport-2.1.1/lib/active_support/dependencies.rb:510:in `require'
    D:/ruby/ruby/lib/ruby/gems/1.8/gems/activesupport-2.1.1/lib/active_support/dependencies.rb:355:in `new_constants_in'
    D:/ruby/ruby/lib/ruby/gems/1.8/gems/activesupport-2.1.1/lib/active_support/dependencies.rb:510:in `require'
    D:/ruby/ruby/lib/ruby/gems/1.8/gems/rails-2.1.1/lib/commands/server.rb:39
    D:/ruby/ruby/lib/ruby/site_ruby/1.8/rubygems/custom_require.rb:27:in `gem_original_require'
    D:/ruby/ruby/lib/ruby/site_ruby/1.8/rubygems/custom_require.rb:27:in `require'
    script/server:3

Rendering D:/ruby/ruby/lib/ruby/gems/1.8/gems/actionpack-2.1.1/lib/action_controller/templates/rescues/layout.erb (internal_server_error)
